<?xml version="1.0" encoding="utf-8"?>
<CoverageSession>
  <Summary numSequencePoints="2519" visitedSequencePoints="0" numBranchPoints="822" visitedBranchPoints="0" sequenceCoverage="0" branchCoverage="0" maxCyclomaticComplexity="1021" minCyclomaticComplexity="1021" visitedClasses="0" numClasses="171" visitedMethods="0" numMethods="302" />
  <Modules>
    <Module hash="83E42AAE-2F06-44C1-B69A-512E5C24F5D6">
      <ModulePath>NissGram.dll</ModulePath>
      <ModuleTime>2024-12-01T08:11:26</ModuleTime>
      <ModuleName>NissGram</ModuleName>
      <Files>
        <File uid="1" fullPath="c:\Users\Eirik\.vscode\1.12.versjon\Webapp-Exam-NissGram\Sub1\NissGram\Program.cs" />
        <File uid="2" fullPath="c:\Users\Eirik\.vscode\1.12.versjon\Webapp-Exam-NissGram\Sub1\NissGram\Services\DummyEmailSender.cs" />
        <File uid="3" fullPath="c:\Users\Eirik\.vscode\1.12.versjon\Webapp-Exam-NissGram\Sub1\NissGram\Areas\Identity\Pages\Account\AccessDenied.cshtml" />
        <File uid="4" fullPath="c:\Users\Eirik\.vscode\1.12.versjon\Webapp-Exam-NissGram\Sub1\NissGram\Areas\Identity\Pages\Account\ConfirmEmail.cshtml" />
        <File uid="5" fullPath="c:\Users\Eirik\.vscode\1.12.versjon\Webapp-Exam-NissGram\Sub1\NissGram\Areas\Identity\Pages\Account\ConfirmEmailChange.cshtml" />
        <File uid="6" fullPath="c:\Users\Eirik\.vscode\1.12.versjon\Webapp-Exam-NissGram\Sub1\NissGram\Areas\Identity\Pages\Account\ExternalLogin.cshtml" />
        <File uid="7" fullPath="c:\Users\Eirik\.vscode\1.12.versjon\Webapp-Exam-NissGram\Sub1\NissGram\Areas\Identity\Pages\Account\ForgotPassword.cshtml" />
        <File uid="8" fullPath="c:\Users\Eirik\.vscode\1.12.versjon\Webapp-Exam-NissGram\Sub1\NissGram\Areas\Identity\Pages\Account\Lockout.cshtml" />
        <File uid="9" fullPath="c:\Users\Eirik\.vscode\1.12.versjon\Webapp-Exam-NissGram\Sub1\NissGram\Areas\Identity\Pages\Account\Login.cshtml" />
        <File uid="10" fullPath="c:\Users\Eirik\.vscode\1.12.versjon\Webapp-Exam-NissGram\Sub1\NissGram\Areas\Identity\Pages\Account\Logout.cshtml" />
        <File uid="11" fullPath="c:\Users\Eirik\.vscode\1.12.versjon\Webapp-Exam-NissGram\Sub1\NissGram\Areas\Identity\Pages\Account\Manage\ChangePassword.cshtml" />
        <File uid="12" fullPath="c:\Users\Eirik\.vscode\1.12.versjon\Webapp-Exam-NissGram\Sub1\NissGram\Areas\Identity\Pages\Account\Manage\DeletePersonalData.cshtml" />
        <File uid="13" fullPath="c:\Users\Eirik\.vscode\1.12.versjon\Webapp-Exam-NissGram\Sub1\NissGram\Areas\Identity\Pages\Account\Manage\DownloadPersonalData.cshtml" />
        <File uid="14" fullPath="c:\Users\Eirik\.vscode\1.12.versjon\Webapp-Exam-NissGram\Sub1\NissGram\Areas\Identity\Pages\Account\Manage\Email.cshtml" />
        <File uid="15" fullPath="c:\Users\Eirik\.vscode\1.12.versjon\Webapp-Exam-NissGram\Sub1\NissGram\Areas\Identity\Pages\Account\Manage\EnableAuthenticator.cshtml" />
        <File uid="16" fullPath="c:\Users\Eirik\.vscode\1.12.versjon\Webapp-Exam-NissGram\Sub1\NissGram\Areas\Identity\Pages\Account\Manage\ExternalLogins.cshtml" />
        <File uid="17" fullPath="c:\Users\Eirik\.vscode\1.12.versjon\Webapp-Exam-NissGram\Sub1\NissGram\Areas\Identity\Pages\Account\Manage\Index.cshtml" />
        <File uid="18" fullPath="c:\Users\Eirik\.vscode\1.12.versjon\Webapp-Exam-NissGram\Sub1\NissGram\Areas\Identity\Pages\Account\Manage\PersonalData.cshtml" />
        <File uid="19" fullPath="c:\Users\Eirik\.vscode\1.12.versjon\Webapp-Exam-NissGram\Sub1\NissGram\Areas\Identity\Pages\Account\Manage\SetPassword.cshtml" />
        <File uid="20" fullPath="c:\Users\Eirik\.vscode\1.12.versjon\Webapp-Exam-NissGram\Sub1\NissGram\Areas\Identity\Pages\Account\Manage\_Layout.cshtml" />
        <File uid="21" fullPath="c:\Users\Eirik\.vscode\1.12.versjon\Webapp-Exam-NissGram\Sub1\NissGram\Areas\Identity\Pages\Account\Manage\_ManageNav.cshtml" />
        <File uid="22" fullPath="c:\Users\Eirik\.vscode\1.12.versjon\Webapp-Exam-NissGram\Sub1\NissGram\Areas\Identity\Pages\Account\Manage\_StatusMessage.cshtml" />
        <File uid="23" fullPath="c:\Users\Eirik\.vscode\1.12.versjon\Webapp-Exam-NissGram\Sub1\NissGram\Areas\Identity\Pages\Account\Register.cshtml" />
        <File uid="24" fullPath="c:\Users\Eirik\.vscode\1.12.versjon\Webapp-Exam-NissGram\Sub1\NissGram\Areas\Identity\Pages\Account\RegisterConfirmation.cshtml" />
        <File uid="25" fullPath="c:\Users\Eirik\.vscode\1.12.versjon\Webapp-Exam-NissGram\Sub1\NissGram\Areas\Identity\Pages\Account\ResetPassword.cshtml" />
        <File uid="26" fullPath="c:\Users\Eirik\.vscode\1.12.versjon\Webapp-Exam-NissGram\Sub1\NissGram\Areas\Identity\Pages\Account\_StatusMessage.cshtml" />
        <File uid="27" fullPath="c:\Users\Eirik\.vscode\1.12.versjon\Webapp-Exam-NissGram\Sub1\NissGram\Areas\Identity\Pages\Error.cshtml" />
        <File uid="28" fullPath="c:\Users\Eirik\.vscode\1.12.versjon\Webapp-Exam-NissGram\Sub1\NissGram\Areas\Identity\Pages\_ViewStart.cshtml" />
        <File uid="29" fullPath="c:\Users\Eirik\.vscode\1.12.versjon\Webapp-Exam-NissGram\Sub1\NissGram\Views\Home\Index.cshtml" />
        <File uid="30" fullPath="c:\Users\Eirik\.vscode\1.12.versjon\Webapp-Exam-NissGram\Sub1\NissGram\Views\Home\Privacy.cshtml" />
        <File uid="31" fullPath="c:\Users\Eirik\.vscode\1.12.versjon\Webapp-Exam-NissGram\Sub1\NissGram\Views\Post\PostUpdateView.cshtml" />
        <File uid="32" fullPath="c:\Users\Eirik\.vscode\1.12.versjon\Webapp-Exam-NissGram\Sub1\NissGram\Views\Shared\Error.cshtml" />
        <File uid="33" fullPath="c:\Users\Eirik\.vscode\1.12.versjon\Webapp-Exam-NissGram\Sub1\NissGram\Views\Shared\_AllPosts.cshtml" />
        <File uid="34" fullPath="c:\Users\Eirik\.vscode\1.12.versjon\Webapp-Exam-NissGram\Sub1\NissGram\Views\Shared\_LoginPartial.cshtml" />
        <File uid="35" fullPath="c:\Users\Eirik\.vscode\1.12.versjon\Webapp-Exam-NissGram\Sub1\NissGram\Views\Shared\_PostActions.cshtml" />
        <File uid="36" fullPath="c:\Users\Eirik\.vscode\1.12.versjon\Webapp-Exam-NissGram\Sub1\NissGram\Views\Shared\_PostDates.cshtml" />
        <File uid="37" fullPath="c:\Users\Eirik\.vscode\1.12.versjon\Webapp-Exam-NissGram\Sub1\NissGram\Views\Shared\_PostDropdown.cshtml" />
        <File uid="38" fullPath="c:\Users\Eirik\.vscode\1.12.versjon\Webapp-Exam-NissGram\Sub1\NissGram\Views\Shared\_PostPopup.cshtml" />
        <File uid="39" fullPath="c:\Users\Eirik\.vscode\1.12.versjon\Webapp-Exam-NissGram\Sub1\NissGram\Views\Shared\_PostWithImage.cshtml" />
        <File uid="40" fullPath="c:\Users\Eirik\.vscode\1.12.versjon\Webapp-Exam-NissGram\Sub1\NissGram\Views\Shared\_ProfileButtons.cshtml" />
        <File uid="41" fullPath="c:\Users\Eirik\.vscode\1.12.versjon\Webapp-Exam-NissGram\Sub1\NissGram\Views\Shared\_ProfileHeader.cshtml" />
        <File uid="42" fullPath="c:\Users\Eirik\.vscode\1.12.versjon\Webapp-Exam-NissGram\Sub1\NissGram\Views\Shared\_ProfilePostContent.cshtml" />
        <File uid="43" fullPath="c:\Users\Eirik\.vscode\1.12.versjon\Webapp-Exam-NissGram\Sub1\NissGram\Views\User\Profile.cshtml" />
        <File uid="44" fullPath="c:\Users\Eirik\.vscode\1.12.versjon\Webapp-Exam-NissGram\Sub1\NissGram\Views\User\UserUpdateCreate.cshtml" />
        <File uid="45" fullPath="c:\Users\Eirik\.vscode\1.12.versjon\Webapp-Exam-NissGram\Sub1\NissGram\Views\User\_NotesView.cshtml" />
        <File uid="46" fullPath="c:\Users\Eirik\.vscode\1.12.versjon\Webapp-Exam-NissGram\Sub1\NissGram\Views\User\_PicturesView.cshtml" />
        <File uid="47" fullPath="c:\Users\Eirik\.vscode\1.12.versjon\Webapp-Exam-NissGram\Sub1\NissGram\Views\_ViewStart.cshtml" />
        <File uid="48" fullPath="c:\Users\Eirik\.vscode\1.12.versjon\Webapp-Exam-NissGram\Sub1\NissGram\Views\Shared\_Layout.cshtml" />
        <File uid="49" fullPath="c:\Users\Eirik\.vscode\1.12.versjon\Webapp-Exam-NissGram\Sub1\NissGram\ViewModels\PostsViewModel.cs" />
        <File uid="50" fullPath="c:\Users\Eirik\.vscode\1.12.versjon\Webapp-Exam-NissGram\Sub1\NissGram\ViewModels\PostUpdateViewModel.cs" />
        <File uid="51" fullPath="c:\Users\Eirik\.vscode\1.12.versjon\Webapp-Exam-NissGram\Sub1\NissGram\ViewModels\UserProfileViewModel.cs" />
        <File uid="52" fullPath="c:\Users\Eirik\.vscode\1.12.versjon\Webapp-Exam-NissGram\Sub1\NissGram\ViewModels\UsersViewModel.cs" />
        <File uid="53" fullPath="c:\Users\Eirik\.vscode\1.12.versjon\Webapp-Exam-NissGram\Sub1\NissGram\ViewModels\UserUpdateCreateViewModel.cs" />
        <File uid="54" fullPath="c:\Users\Eirik\.vscode\1.12.versjon\Webapp-Exam-NissGram\Sub1\NissGram\Models\Comment.cs" />
        <File uid="55" fullPath="c:\Users\Eirik\.vscode\1.12.versjon\Webapp-Exam-NissGram\Sub1\NissGram\Models\ErrorViewModel.cs" />
        <File uid="56" fullPath="c:\Users\Eirik\.vscode\1.12.versjon\Webapp-Exam-NissGram\Sub1\NissGram\Models\Post.cs" />
        <File uid="57" fullPath="c:\Users\Eirik\.vscode\1.12.versjon\Webapp-Exam-NissGram\Sub1\NissGram\Models\User.cs" />
        <File uid="58" fullPath="c:\Users\Eirik\.vscode\1.12.versjon\Webapp-Exam-NissGram\Sub1\NissGram\Models\UserPostLike.cs" />
        <File uid="59" fullPath="c:\Users\Eirik\.vscode\1.12.versjon\Webapp-Exam-NissGram\Sub1\NissGram\DAL\DBInit.cs" />
        <File uid="60" fullPath="c:\Users\Eirik\.vscode\1.12.versjon\Webapp-Exam-NissGram\Sub1\NissGram\DAL\NissDbContext.cs" />
        <File uid="61" fullPath="c:\Users\Eirik\.vscode\1.12.versjon\Webapp-Exam-NissGram\Sub1\NissGram\DAL\Repositories\CommentRepository.cs" />
        <File uid="62" fullPath="c:\Users\Eirik\.vscode\1.12.versjon\Webapp-Exam-NissGram\Sub1\NissGram\DAL\Repositories\PostRepository.cs" />
        <File uid="63" fullPath="c:\Users\Eirik\.vscode\1.12.versjon\Webapp-Exam-NissGram\Sub1\NissGram\DAL\Repositories\UserRepository.cs" />
        <File uid="64" fullPath="c:\Users\Eirik\.vscode\1.12.versjon\Webapp-Exam-NissGram\Sub1\NissGram\Controllers\CommentController.cs" />
        <File uid="65" fullPath="c:\Users\Eirik\.vscode\1.12.versjon\Webapp-Exam-NissGram\Sub1\NissGram\Controllers\HomeController.cs" />
        <File uid="66" fullPath="c:\Users\Eirik\.vscode\1.12.versjon\Webapp-Exam-NissGram\Sub1\NissGram\Controllers\PostController.cs" />
        <File uid="67" fullPath="c:\Users\Eirik\.vscode\1.12.versjon\Webapp-Exam-NissGram\Sub1\NissGram\Controllers\UserController.cs" />
        <File uid="68" fullPath="c:\Users\Eirik\.vscode\1.12.versjon\Webapp-Exam-NissGram\Sub1\NissGram\Areas\Identity\Pages\Error.cshtml.cs" />
        <File uid="69" fullPath="c:\Users\Eirik\.vscode\1.12.versjon\Webapp-Exam-NissGram\Sub1\NissGram\Areas\Identity\Pages\Account\AccessDenied.cshtml.cs" />
        <File uid="70" fullPath="c:\Users\Eirik\.vscode\1.12.versjon\Webapp-Exam-NissGram\Sub1\NissGram\Areas\Identity\Pages\Account\ConfirmEmail.cshtml.cs" />
        <File uid="71" fullPath="c:\Users\Eirik\.vscode\1.12.versjon\Webapp-Exam-NissGram\Sub1\NissGram\Areas\Identity\Pages\Account\ConfirmEmailChange.cshtml.cs" />
        <File uid="72" fullPath="c:\Users\Eirik\.vscode\1.12.versjon\Webapp-Exam-NissGram\Sub1\NissGram\Areas\Identity\Pages\Account\ExternalLogin.cshtml.cs" />
        <File uid="73" fullPath="c:\Users\Eirik\.vscode\1.12.versjon\Webapp-Exam-NissGram\Sub1\NissGram\Areas\Identity\Pages\Account\ForgotPassword.cshtml.cs" />
        <File uid="74" fullPath="c:\Users\Eirik\.vscode\1.12.versjon\Webapp-Exam-NissGram\Sub1\NissGram\Areas\Identity\Pages\Account\Lockout.cshtml.cs" />
        <File uid="75" fullPath="c:\Users\Eirik\.vscode\1.12.versjon\Webapp-Exam-NissGram\Sub1\NissGram\Areas\Identity\Pages\Account\Login.cshtml.cs" />
        <File uid="76" fullPath="c:\Users\Eirik\.vscode\1.12.versjon\Webapp-Exam-NissGram\Sub1\NissGram\Areas\Identity\Pages\Account\Logout.cshtml.cs" />
        <File uid="77" fullPath="c:\Users\Eirik\.vscode\1.12.versjon\Webapp-Exam-NissGram\Sub1\NissGram\Areas\Identity\Pages\Account\Register.cshtml.cs" />
        <File uid="78" fullPath="c:\Users\Eirik\.vscode\1.12.versjon\Webapp-Exam-NissGram\Sub1\NissGram\Areas\Identity\Pages\Account\RegisterConfirmation.cshtml.cs" />
        <File uid="79" fullPath="c:\Users\Eirik\.vscode\1.12.versjon\Webapp-Exam-NissGram\Sub1\NissGram\Areas\Identity\Pages\Account\ResetPassword.cshtml.cs" />
        <File uid="80" fullPath="c:\Users\Eirik\.vscode\1.12.versjon\Webapp-Exam-NissGram\Sub1\NissGram\Areas\Identity\Pages\Account\Manage\ChangePassword.cshtml.cs" />
        <File uid="81" fullPath="c:\Users\Eirik\.vscode\1.12.versjon\Webapp-Exam-NissGram\Sub1\NissGram\Areas\Identity\Pages\Account\Manage\DeletePersonalData.cshtml.cs" />
        <File uid="82" fullPath="c:\Users\Eirik\.vscode\1.12.versjon\Webapp-Exam-NissGram\Sub1\NissGram\Areas\Identity\Pages\Account\Manage\DownloadPersonalData.cshtml.cs" />
        <File uid="83" fullPath="c:\Users\Eirik\.vscode\1.12.versjon\Webapp-Exam-NissGram\Sub1\NissGram\Areas\Identity\Pages\Account\Manage\Email.cshtml.cs" />
        <File uid="84" fullPath="c:\Users\Eirik\.vscode\1.12.versjon\Webapp-Exam-NissGram\Sub1\NissGram\Areas\Identity\Pages\Account\Manage\EnableAuthenticator.cshtml.cs" />
        <File uid="85" fullPath="c:\Users\Eirik\.vscode\1.12.versjon\Webapp-Exam-NissGram\Sub1\NissGram\Areas\Identity\Pages\Account\Manage\ExternalLogins.cshtml.cs" />
        <File uid="86" fullPath="c:\Users\Eirik\.vscode\1.12.versjon\Webapp-Exam-NissGram\Sub1\NissGram\Areas\Identity\Pages\Account\Manage\Index.cshtml.cs" />
        <File uid="87" fullPath="c:\Users\Eirik\.vscode\1.12.versjon\Webapp-Exam-NissGram\Sub1\NissGram\Areas\Identity\Pages\Account\Manage\ManageNavPages.cs" />
        <File uid="88" fullPath="c:\Users\Eirik\.vscode\1.12.versjon\Webapp-Exam-NissGram\Sub1\NissGram\Areas\Identity\Pages\Account\Manage\PersonalData.cshtml.cs" />
        <File uid="89" fullPath="c:\Users\Eirik\.vscode\1.12.versjon\Webapp-Exam-NissGram\Sub1\NissGram\Areas\Identity\Pages\Account\Manage\SetPassword.cshtml.cs" />
      </Files>
      <Classes>
        <Class>
          <Summary numSequencePoints="73" visitedSequencePoints="0" numBranchPoints="4" visitedBranchPoints="0" sequenceCoverage="0" branchCoverage="0" maxCyclomaticComplexity="4" minCyclomaticComplexity="4" visitedClasses="0" numClasses="1" visitedMethods="0" numMethods="1" />
          <FullName>Program</FullName>
          <Methods>
            <Method cyclomaticComplexity="4" nPathComplexity="4" sequenceCoverage="0" branchCoverage="0" isConstructor="False" isGetter="False" isSetter="False" isStatic="True">
              <Summary numSequencePoints="73" visitedSequencePoints="0" numBranchPoints="4" visitedBranchPoints="0" sequenceCoverage="0" branchCoverage="0" maxCyclomaticComplexity="4" minCyclomaticComplexity="4" visitedClasses="0" numClasses="0" visitedMethods="0" numMethods="1" />
              <MetadataToken />
              <Name>System.Void Program::&lt;Main&gt;$(System.String[])</Name>
              <FileRef uid="1" />
              <SequencePoints>
                <SequencePoint vc="0" uspid="14" ordinal="0" sl="14" sc="1" el="14" ec="2" bec="0" bev="0" fileid="1" />
                <SequencePoint vc="0" uspid="15" ordinal="1" sl="15" sc="1" el="15" ec="2" bec="2" bev="0" fileid="1" />
                <SequencePoint vc="0" uspid="21" ordinal="2" sl="21" sc="1" el="21" ec="2" bec="0" bev="0" fileid="1" />
                <SequencePoint vc="0" uspid="22" ordinal="3" sl="22" sc="1" el="22" ec="2" bec="0" bev="0" fileid="1" />
                <SequencePoint vc="0" uspid="23" ordinal="4" sl="23" sc="1" el="23" ec="2" bec="0" bev="0" fileid="1" />
                <SequencePoint vc="0" uspid="24" ordinal="5" sl="24" sc="1" el="24" ec="2" bec="0" bev="0" fileid="1" />
                <SequencePoint vc="0" uspid="25" ordinal="6" sl="25" sc="1" el="25" ec="2" bec="0" bev="0" fileid="1" />
                <SequencePoint vc="0" uspid="27" ordinal="7" sl="27" sc="1" el="27" ec="2" bec="0" bev="0" fileid="1" />
                <SequencePoint vc="0" uspid="28" ordinal="8" sl="28" sc="1" el="28" ec="2" bec="0" bev="0" fileid="1" />
                <SequencePoint vc="0" uspid="29" ordinal="9" sl="29" sc="1" el="29" ec="2" bec="0" bev="0" fileid="1" />
                <SequencePoint vc="0" uspid="30" ordinal="10" sl="30" sc="1" el="30" ec="2" bec="0" bev="0" fileid="1" />
                <SequencePoint vc="0" uspid="31" ordinal="11" sl="31" sc="1" el="31" ec="2" bec="0" bev="0" fileid="1" />
                <SequencePoint vc="0" uspid="32" ordinal="12" sl="32" sc="1" el="32" ec="2" bec="0" bev="0" fileid="1" />
                <SequencePoint vc="0" uspid="33" ordinal="13" sl="33" sc="1" el="33" ec="2" bec="0" bev="0" fileid="1" />
                <SequencePoint vc="0" uspid="34" ordinal="14" sl="34" sc="1" el="34" ec="2" bec="0" bev="0" fileid="1" />
                <SequencePoint vc="0" uspid="35" ordinal="15" sl="35" sc="1" el="35" ec="2" bec="0" bev="0" fileid="1" />
                <SequencePoint vc="0" uspid="36" ordinal="16" sl="36" sc="1" el="36" ec="2" bec="0" bev="0" fileid="1" />
                <SequencePoint vc="0" uspid="38" ordinal="17" sl="38" sc="1" el="38" ec="2" bec="0" bev="0" fileid="1" />
                <SequencePoint vc="0" uspid="39" ordinal="18" sl="39" sc="1" el="39" ec="2" bec="0" bev="0" fileid="1" />
                <SequencePoint vc="0" uspid="40" ordinal="19" sl="40" sc="1" el="40" ec="2" bec="0" bev="0" fileid="1" />
                <SequencePoint vc="0" uspid="41" ordinal="20" sl="41" sc="1" el="41" ec="2" bec="0" bev="0" fileid="1" />
                <SequencePoint vc="0" uspid="42" ordinal="21" sl="42" sc="1" el="42" ec="2" bec="0" bev="0" fileid="1" />
                <SequencePoint vc="0" uspid="43" ordinal="22" sl="43" sc="1" el="43" ec="2" bec="0" bev="0" fileid="1" />
                <SequencePoint vc="0" uspid="44" ordinal="23" sl="44" sc="1" el="44" ec="2" bec="0" bev="0" fileid="1" />
                <SequencePoint vc="0" uspid="45" ordinal="24" sl="45" sc="1" el="45" ec="2" bec="0" bev="0" fileid="1" />
                <SequencePoint vc="0" uspid="46" ordinal="25" sl="46" sc="1" el="46" ec="2" bec="0" bev="0" fileid="1" />
                <SequencePoint vc="0" uspid="49" ordinal="26" sl="49" sc="1" el="49" ec="2" bec="0" bev="0" fileid="1" />
                <SequencePoint vc="0" uspid="50" ordinal="27" sl="50" sc="1" el="50" ec="2" bec="0" bev="0" fileid="1" />
                <SequencePoint vc="0" uspid="51" ordinal="28" sl="51" sc="1" el="51" ec="2" bec="0" bev="0" fileid="1" />
                <SequencePoint vc="0" uspid="52" ordinal="29" sl="52" sc="1" el="52" ec="2" bec="0" bev="0" fileid="1" />
                <SequencePoint vc="0" uspid="53" ordinal="30" sl="53" sc="1" el="53" ec="2" bec="0" bev="0" fileid="1" />
                <SequencePoint vc="0" uspid="54" ordinal="31" sl="54" sc="1" el="54" ec="2" bec="0" bev="0" fileid="1" />
                <SequencePoint vc="0" uspid="55" ordinal="32" sl="55" sc="1" el="55" ec="2" bec="0" bev="0" fileid="1" />
                <SequencePoint vc="0" uspid="56" ordinal="33" sl="56" sc="1" el="56" ec="2" bec="0" bev="0" fileid="1" />
                <SequencePoint vc="0" uspid="58" ordinal="34" sl="58" sc="1" el="58" ec="2" bec="0" bev="0" fileid="1" />
                <SequencePoint vc="0" uspid="59" ordinal="35" sl="59" sc="1" el="59" ec="2" bec="0" bev="0" fileid="1" />
                <SequencePoint vc="0" uspid="60" ordinal="36" sl="60" sc="1" el="60" ec="2" bec="0" bev="0" fileid="1" />
                <SequencePoint vc="0" uspid="61" ordinal="37" sl="61" sc="1" el="61" ec="2" bec="0" bev="0" fileid="1" />
                <SequencePoint vc="0" uspid="62" ordinal="38" sl="62" sc="1" el="62" ec="2" bec="0" bev="0" fileid="1" />
                <SequencePoint vc="0" uspid="63" ordinal="39" sl="63" sc="1" el="63" ec="2" bec="0" bev="0" fileid="1" />
                <SequencePoint vc="0" uspid="64" ordinal="40" sl="64" sc="1" el="64" ec="2" bec="0" bev="0" fileid="1" />
                <SequencePoint vc="0" uspid="65" ordinal="41" sl="65" sc="1" el="65" ec="2" bec="0" bev="0" fileid="1" />
                <SequencePoint vc="0" uspid="66" ordinal="42" sl="66" sc="1" el="66" ec="2" bec="0" bev="0" fileid="1" />
                <SequencePoint vc="0" uspid="67" ordinal="43" sl="67" sc="1" el="67" ec="2" bec="0" bev="0" fileid="1" />
                <SequencePoint vc="0" uspid="68" ordinal="44" sl="68" sc="1" el="68" ec="2" bec="0" bev="0" fileid="1" />
                <SequencePoint vc="0" uspid="70" ordinal="45" sl="70" sc="1" el="70" ec="2" bec="0" bev="0" fileid="1" />
                <SequencePoint vc="0" uspid="71" ordinal="46" sl="71" sc="1" el="71" ec="2" bec="0" bev="0" fileid="1" />
                <SequencePoint vc="0" uspid="72" ordinal="47" sl="72" sc="1" el="72" ec="2" bec="0" bev="0" fileid="1" />
                <SequencePoint vc="0" uspid="75" ordinal="48" sl="75" sc="1" el="75" ec="2" bec="0" bev="0" fileid="1" />
                <SequencePoint vc="0" uspid="77" ordinal="49" sl="77" sc="1" el="77" ec="2" bec="0" bev="0" fileid="1" />
                <SequencePoint vc="0" uspid="78" ordinal="50" sl="78" sc="1" el="78" ec="2" bec="0" bev="0" fileid="1" />
                <SequencePoint vc="0" uspid="79" ordinal="51" sl="79" sc="1" el="79" ec="2" bec="0" bev="0" fileid="1" />
                <SequencePoint vc="0" uspid="80" ordinal="52" sl="80" sc="1" el="80" ec="2" bec="0" bev="0" fileid="1" />
                <SequencePoint vc="0" uspid="81" ordinal="53" sl="81" sc="1" el="81" ec="2" bec="0" bev="0" fileid="1" />
                <SequencePoint vc="0" uspid="82" ordinal="54" sl="82" sc="1" el="82" ec="2" bec="0" bev="0" fileid="1" />
                <SequencePoint vc="0" uspid="87" ordinal="55" sl="87" sc="1" el="87" ec="2" bec="0" bev="0" fileid="1" />
                <SequencePoint vc="0" uspid="88" ordinal="56" sl="88" sc="1" el="88" ec="2" bec="0" bev="0" fileid="1" />
                <SequencePoint vc="0" uspid="89" ordinal="57" sl="89" sc="1" el="89" ec="2" bec="0" bev="0" fileid="1" />
                <SequencePoint vc="0" uspid="96" ordinal="58" sl="96" sc="1" el="96" ec="2" bec="0" bev="0" fileid="1" />
                <SequencePoint vc="0" uspid="97" ordinal="59" sl="97" sc="1" el="97" ec="2" bec="0" bev="0" fileid="1" />
                <SequencePoint vc="0" uspid="102" ordinal="60" sl="102" sc="1" el="102" ec="2" bec="0" bev="0" fileid="1" />
                <SequencePoint vc="0" uspid="105" ordinal="61" sl="105" sc="1" el="105" ec="2" bec="2" bev="0" fileid="1" />
                <SequencePoint vc="0" uspid="106" ordinal="62" sl="106" sc="1" el="106" ec="2" bec="0" bev="0" fileid="1" />
                <SequencePoint vc="0" uspid="108" ordinal="63" sl="108" sc="1" el="108" ec="2" bec="0" bev="0" fileid="1" />
                <SequencePoint vc="0" uspid="110" ordinal="64" sl="110" sc="1" el="110" ec="2" bec="0" bev="0" fileid="1" />
                <SequencePoint vc="0" uspid="111" ordinal="65" sl="111" sc="1" el="111" ec="2" bec="0" bev="0" fileid="1" />
                <SequencePoint vc="0" uspid="115" ordinal="66" sl="115" sc="1" el="115" ec="2" bec="0" bev="0" fileid="1" />
                <SequencePoint vc="0" uspid="116" ordinal="67" sl="116" sc="1" el="116" ec="2" bec="0" bev="0" fileid="1" />
                <SequencePoint vc="0" uspid="118" ordinal="68" sl="118" sc="1" el="118" ec="2" bec="0" bev="0" fileid="1" />
                <SequencePoint vc="0" uspid="119" ordinal="69" sl="119" sc="1" el="119" ec="2" bec="0" bev="0" fileid="1" />
                <SequencePoint vc="0" uspid="123" ordinal="70" sl="123" sc="1" el="123" ec="2" bec="0" bev="0" fileid="1" />
                <SequencePoint vc="0" uspid="125" ordinal="71" sl="125" sc="1" el="125" ec="2" bec="0" bev="0" fileid="1" />
                <SequencePoint vc="0" uspid="127" ordinal="72" sl="127" sc="1" el="127" ec="2" bec="0" bev="0" fileid="1" />
              </SequencePoints>
              <BranchPoints>
                <BranchPoint vc="0" uspid="15" ordinal="0" path="0" offset="40" offsetend="42" sl="15" fileid="1" />
                <BranchPoint vc="0" uspid="15" ordinal="1" path="1" offset="40" offsetend="54" sl="15" fileid="1" />
                <BranchPoint vc="0" uspid="105" ordinal="2" path="0" offset="598" offsetend="600" sl="105" fileid="1" />
                <BranchPoint vc="0" uspid="105" ordinal="3" path="1" offset="598" offsetend="618" sl="105" fileid="1" />
              </BranchPoints>
              <MethodPoint vc="0" uspid="0" p8:type="SequencePoint" ordinal="0" offset="0" sc="0" sl="14" ec="1" el="127" bec="0" bev="0" fileid="1" xmlns:p8="xsi" />
            </Method>
          </Methods>
        </Class>
        <Class>
          <Summary numSequencePoints="3" visitedSequencePoints="0" numBranchPoints="0" visitedBranchPoints="0" sequenceCoverage="0" branchCoverage="100" maxCyclomaticComplexity="1" minCyclomaticComplexity="1" visitedClasses="0" numClasses="1" visitedMethods="0" numMethods="1" />
          <FullName>DummyEmailSender</FullName>
          <Methods>
            <Method cyclomaticComplexity="1" nPathComplexity="1" sequenceCoverage="0" branchCoverage="100" isConstructor="False" isGetter="False" isSetter="False" isStatic="True">
              <Summary numSequencePoints="3" visitedSequencePoints="0" numBranchPoints="0" visitedBranchPoints="0" sequenceCoverage="0" branchCoverage="100" maxCyclomaticComplexity="1" minCyclomaticComplexity="1" visitedClasses="0" numClasses="0" visitedMethods="0" numMethods="1" />
              <MetadataToken />
              <Name>System.Threading.Tasks.Task DummyEmailSender::SendEmailAsync(System.String,System.String,System.String)</Name>
              <FileRef uid="2" />
              <SequencePoints>
                <SequencePoint vc="0" uspid="6" ordinal="0" sl="6" sc="1" el="6" ec="2" bec="0" bev="0" fileid="2" />
                <SequencePoint vc="0" uspid="8" ordinal="1" sl="8" sc="1" el="8" ec="2" bec="0" bev="0" fileid="2" />
                <SequencePoint vc="0" uspid="9" ordinal="2" sl="9" sc="1" el="9" ec="2" bec="0" bev="0" fileid="2" />
              </SequencePoints>
              <BranchPoints />
              <MethodPoint vc="0" uspid="0" p8:type="SequencePoint" ordinal="0" offset="0" sc="0" sl="6" ec="1" el="9" bec="0" bev="0" fileid="2" xmlns:p8="xsi" />
            </Method>
          </Methods>
        </Class>
        <Class>
          <Summary numSequencePoints="1" visitedSequencePoints="0" numBranchPoints="0" visitedBranchPoints="0" sequenceCoverage="0" branchCoverage="100" maxCyclomaticComplexity="1" minCyclomaticComplexity="1" visitedClasses="0" numClasses="1" visitedMethods="0" numMethods="1" />
          <FullName>AspNetCoreGeneratedDocument.Areas_Identity_Pages_Account_AccessDenied/&lt;ExecuteAsync&gt;d__0</FullName>
          <Methods>
            <Method cyclomaticComplexity="1" nPathComplexity="1" sequenceCoverage="0" branchCoverage="100" isConstructor="False" isGetter="False" isSetter="False" isStatic="True">
              <Summary numSequencePoints="1" visitedSequencePoints="0" numBranchPoints="0" visitedBranchPoints="0" sequenceCoverage="0" branchCoverage="100" maxCyclomaticComplexity="1" minCyclomaticComplexity="1" visitedClasses="0" numClasses="0" visitedMethods="0" numMethods="1" />
              <MetadataToken />
              <Name>System.Void AspNetCoreGeneratedDocument.Areas_Identity_Pages_Account_AccessDenied/&lt;ExecuteAsync&gt;d__0::MoveNext()</Name>
              <FileRef uid="3" />
              <SequencePoints>
                <SequencePoint vc="0" uspid="4" ordinal="0" sl="4" sc="1" el="4" ec="2" bec="0" bev="0" fileid="3" />
              </SequencePoints>
              <BranchPoints />
              <MethodPoint vc="0" uspid="0" p8:type="SequencePoint" ordinal="0" offset="0" sc="0" sl="4" ec="1" el="4" bec="0" bev="0" fileid="3" xmlns:p8="xsi" />
            </Method>
          </Methods>
        </Class>
        <Class>
          <Summary numSequencePoints="1" visitedSequencePoints="0" numBranchPoints="2" visitedBranchPoints="0" sequenceCoverage="0" branchCoverage="0" maxCyclomaticComplexity="2" minCyclomaticComplexity="2" visitedClasses="0" numClasses="1" visitedMethods="0" numMethods="1" />
          <FullName>AspNetCoreGeneratedDocument.Areas_Identity_Pages_Account_ConfirmEmail/&lt;ExecuteAsync&gt;d__8</FullName>
          <Methods>
            <Method cyclomaticComplexity="2" nPathComplexity="2" sequenceCoverage="0" branchCoverage="0" isConstructor="False" isGetter="False" isSetter="False" isStatic="True">
              <Summary numSequencePoints="1" visitedSequencePoints="0" numBranchPoints="2" visitedBranchPoints="0" sequenceCoverage="0" branchCoverage="0" maxCyclomaticComplexity="2" minCyclomaticComplexity="2" visitedClasses="0" numClasses="0" visitedMethods="0" numMethods="1" />
              <MetadataToken />
              <Name>System.Void AspNetCoreGeneratedDocument.Areas_Identity_Pages_Account_ConfirmEmail/&lt;ExecuteAsync&gt;d__8::MoveNext()</Name>
              <FileRef uid="4" />
              <SequencePoints>
                <SequencePoint vc="0" uspid="4" ordinal="0" sl="4" sc="1" el="4" ec="2" bec="2" bev="0" fileid="4" />
              </SequencePoints>
              <BranchPoints>
                <BranchPoint vc="0" uspid="4" ordinal="0" path="0" offset="511" offsetend="513" sl="4" fileid="4" />
                <BranchPoint vc="0" uspid="4" ordinal="1" path="1" offset="511" offsetend="624" sl="4" fileid="4" />
              </BranchPoints>
              <MethodPoint vc="0" uspid="0" p8:type="SequencePoint" ordinal="0" offset="0" sc="0" sl="4" ec="1" el="4" bec="0" bev="0" fileid="4" xmlns:p8="xsi" />
            </Method>
          </Methods>
        </Class>
        <Class>
          <Summary numSequencePoints="1" visitedSequencePoints="0" numBranchPoints="2" visitedBranchPoints="0" sequenceCoverage="0" branchCoverage="0" maxCyclomaticComplexity="2" minCyclomaticComplexity="2" visitedClasses="0" numClasses="1" visitedMethods="0" numMethods="1" />
          <FullName>AspNetCoreGeneratedDocument.Areas_Identity_Pages_Account_ConfirmEmailChange/&lt;ExecuteAsync&gt;d__8</FullName>
          <Methods>
            <Method cyclomaticComplexity="2" nPathComplexity="2" sequenceCoverage="0" branchCoverage="0" isConstructor="False" isGetter="False" isSetter="False" isStatic="True">
              <Summary numSequencePoints="1" visitedSequencePoints="0" numBranchPoints="2" visitedBranchPoints="0" sequenceCoverage="0" branchCoverage="0" maxCyclomaticComplexity="2" minCyclomaticComplexity="2" visitedClasses="0" numClasses="0" visitedMethods="0" numMethods="1" />
              <MetadataToken />
              <Name>System.Void AspNetCoreGeneratedDocument.Areas_Identity_Pages_Account_ConfirmEmailChange/&lt;ExecuteAsync&gt;d__8::MoveNext()</Name>
              <FileRef uid="5" />
              <SequencePoints>
                <SequencePoint vc="0" uspid="4" ordinal="0" sl="4" sc="1" el="4" ec="2" bec="2" bev="0" fileid="5" />
              </SequencePoints>
              <BranchPoints>
                <BranchPoint vc="0" uspid="4" ordinal="0" path="0" offset="511" offsetend="513" sl="4" fileid="5" />
                <BranchPoint vc="0" uspid="4" ordinal="1" path="1" offset="511" offsetend="624" sl="4" fileid="5" />
              </BranchPoints>
              <MethodPoint vc="0" uspid="0" p8:type="SequencePoint" ordinal="0" offset="0" sc="0" sl="4" ec="1" el="4" bec="0" bev="0" fileid="5" xmlns:p8="xsi" />
            </Method>
          </Methods>
        </Class>
        <Class>
          <Summary numSequencePoints="1" visitedSequencePoints="0" numBranchPoints="4" visitedBranchPoints="0" sequenceCoverage="0" branchCoverage="0" maxCyclomaticComplexity="4" minCyclomaticComplexity="4" visitedClasses="0" numClasses="1" visitedMethods="0" numMethods="1" />
          <FullName>AspNetCoreGeneratedDocument.Areas_Identity_Pages_Account_ExternalLogin/&lt;ExecuteAsync&gt;d__20</FullName>
          <Methods>
            <Method cyclomaticComplexity="4" nPathComplexity="4" sequenceCoverage="0" branchCoverage="0" isConstructor="False" isGetter="False" isSetter="False" isStatic="True">
              <Summary numSequencePoints="1" visitedSequencePoints="0" numBranchPoints="4" visitedBranchPoints="0" sequenceCoverage="0" branchCoverage="0" maxCyclomaticComplexity="4" minCyclomaticComplexity="4" visitedClasses="0" numClasses="0" visitedMethods="0" numMethods="1" />
              <MetadataToken />
              <Name>System.Void AspNetCoreGeneratedDocument.Areas_Identity_Pages_Account_ExternalLogin/&lt;ExecuteAsync&gt;d__20::MoveNext()</Name>
              <FileRef uid="6" />
              <SequencePoints>
                <SequencePoint vc="0" uspid="4" ordinal="0" sl="4" sc="1" el="4" ec="2" bec="4" bev="0" fileid="6" />
              </SequencePoints>
              <BranchPoints>
                <BranchPoint vc="0" uspid="4" ordinal="0" path="0" offset="443" offsetend="445" sl="4" fileid="6" />
                <BranchPoint vc="0" uspid="4" ordinal="1" path="1" offset="443" offsetend="478" sl="4" fileid="6" />
                <BranchPoint vc="0" uspid="4" ordinal="2" path="0" offset="826" offsetend="828" sl="4" fileid="6" />
                <BranchPoint vc="0" uspid="4" ordinal="3" path="1" offset="826" offsetend="939" sl="4" fileid="6" />
              </BranchPoints>
              <MethodPoint vc="0" uspid="0" p8:type="SequencePoint" ordinal="0" offset="0" sc="0" sl="4" ec="1" el="4" bec="0" bev="0" fileid="6" xmlns:p8="xsi" />
            </Method>
          </Methods>
        </Class>
        <Class>
          <Summary numSequencePoints="1" visitedSequencePoints="0" numBranchPoints="2" visitedBranchPoints="0" sequenceCoverage="0" branchCoverage="0" maxCyclomaticComplexity="2" minCyclomaticComplexity="2" visitedClasses="0" numClasses="1" visitedMethods="0" numMethods="1" />
          <FullName>AspNetCoreGeneratedDocument.Areas_Identity_Pages_Account_ForgotPassword/&lt;ExecuteAsync&gt;d__20</FullName>
          <Methods>
            <Method cyclomaticComplexity="2" nPathComplexity="2" sequenceCoverage="0" branchCoverage="0" isConstructor="False" isGetter="False" isSetter="False" isStatic="True">
              <Summary numSequencePoints="1" visitedSequencePoints="0" numBranchPoints="2" visitedBranchPoints="0" sequenceCoverage="0" branchCoverage="0" maxCyclomaticComplexity="2" minCyclomaticComplexity="2" visitedClasses="0" numClasses="0" visitedMethods="0" numMethods="1" />
              <MetadataToken />
              <Name>System.Void AspNetCoreGeneratedDocument.Areas_Identity_Pages_Account_ForgotPassword/&lt;ExecuteAsync&gt;d__20::MoveNext()</Name>
              <FileRef uid="7" />
              <SequencePoints>
                <SequencePoint vc="0" uspid="4" ordinal="0" sl="4" sc="1" el="4" ec="2" bec="2" bev="0" fileid="7" />
              </SequencePoints>
              <BranchPoints>
                <BranchPoint vc="0" uspid="4" ordinal="0" path="0" offset="475" offsetend="477" sl="4" fileid="7" />
                <BranchPoint vc="0" uspid="4" ordinal="1" path="1" offset="475" offsetend="588" sl="4" fileid="7" />
              </BranchPoints>
              <MethodPoint vc="0" uspid="0" p8:type="SequencePoint" ordinal="0" offset="0" sc="0" sl="4" ec="1" el="4" bec="0" bev="0" fileid="7" xmlns:p8="xsi" />
            </Method>
          </Methods>
        </Class>
        <Class>
          <Summary numSequencePoints="1" visitedSequencePoints="0" numBranchPoints="0" visitedBranchPoints="0" sequenceCoverage="0" branchCoverage="100" maxCyclomaticComplexity="1" minCyclomaticComplexity="1" visitedClasses="0" numClasses="1" visitedMethods="0" numMethods="1" />
          <FullName>AspNetCoreGeneratedDocument.Areas_Identity_Pages_Account_Lockout/&lt;ExecuteAsync&gt;d__0</FullName>
          <Methods>
            <Method cyclomaticComplexity="1" nPathComplexity="1" sequenceCoverage="0" branchCoverage="100" isConstructor="False" isGetter="False" isSetter="False" isStatic="True">
              <Summary numSequencePoints="1" visitedSequencePoints="0" numBranchPoints="0" visitedBranchPoints="0" sequenceCoverage="0" branchCoverage="100" maxCyclomaticComplexity="1" minCyclomaticComplexity="1" visitedClasses="0" numClasses="0" visitedMethods="0" numMethods="1" />
              <MetadataToken />
              <Name>System.Void AspNetCoreGeneratedDocument.Areas_Identity_Pages_Account_Lockout/&lt;ExecuteAsync&gt;d__0::MoveNext()</Name>
              <FileRef uid="8" />
              <SequencePoints>
                <SequencePoint vc="0" uspid="4" ordinal="0" sl="4" sc="1" el="4" ec="2" bec="0" bev="0" fileid="8" />
              </SequencePoints>
              <BranchPoints />
              <MethodPoint vc="0" uspid="0" p8:type="SequencePoint" ordinal="0" offset="0" sc="0" sl="4" ec="1" el="4" bec="0" bev="0" fileid="8" xmlns:p8="xsi" />
            </Method>
          </Methods>
        </Class>
        <Class>
          <Summary numSequencePoints="1" visitedSequencePoints="0" numBranchPoints="4" visitedBranchPoints="0" sequenceCoverage="0" branchCoverage="0" maxCyclomaticComplexity="4" minCyclomaticComplexity="4" visitedClasses="0" numClasses="1" visitedMethods="0" numMethods="1" />
          <FullName>AspNetCoreGeneratedDocument.Areas_Identity_Pages_Account_Login/&lt;ExecuteAsync&gt;d__35</FullName>
          <Methods>
            <Method cyclomaticComplexity="4" nPathComplexity="4" sequenceCoverage="0" branchCoverage="0" isConstructor="False" isGetter="False" isSetter="False" isStatic="True">
              <Summary numSequencePoints="1" visitedSequencePoints="0" numBranchPoints="4" visitedBranchPoints="0" sequenceCoverage="0" branchCoverage="0" maxCyclomaticComplexity="4" minCyclomaticComplexity="4" visitedClasses="0" numClasses="0" visitedMethods="0" numMethods="1" />
              <MetadataToken />
              <Name>System.Void AspNetCoreGeneratedDocument.Areas_Identity_Pages_Account_Login/&lt;ExecuteAsync&gt;d__35::MoveNext()</Name>
              <FileRef uid="9" />
              <SequencePoints>
                <SequencePoint vc="0" uspid="5" ordinal="0" sl="5" sc="1" el="5" ec="2" bec="4" bev="0" fileid="9" />
              </SequencePoints>
              <BranchPoints>
                <BranchPoint vc="0" uspid="5" ordinal="0" path="0" offset="361" offsetend="363" sl="5" fileid="9" />
                <BranchPoint vc="0" uspid="5" ordinal="1" path="1" offset="361" offsetend="474" sl="5" fileid="9" />
                <BranchPoint vc="0" uspid="5" ordinal="2" path="0" offset="925" offsetend="927" sl="5" fileid="9" />
                <BranchPoint vc="0" uspid="5" ordinal="3" path="1" offset="925" offsetend="1038" sl="5" fileid="9" />
              </BranchPoints>
              <MethodPoint vc="0" uspid="0" p8:type="SequencePoint" ordinal="0" offset="0" sc="0" sl="5" ec="1" el="5" bec="0" bev="0" fileid="9" xmlns:p8="xsi" />
            </Method>
          </Methods>
        </Class>
        <Class>
          <Summary numSequencePoints="6" visitedSequencePoints="0" numBranchPoints="8" visitedBranchPoints="0" sequenceCoverage="0" branchCoverage="0" maxCyclomaticComplexity="8" minCyclomaticComplexity="8" visitedClasses="0" numClasses="1" visitedMethods="0" numMethods="1" />
          <FullName>AspNetCoreGeneratedDocument.Areas_Identity_Pages_Account_Logout/&lt;ExecuteAsync&gt;d__13</FullName>
          <Methods>
            <Method cyclomaticComplexity="8" nPathComplexity="8" sequenceCoverage="0" branchCoverage="0" isConstructor="False" isGetter="False" isSetter="False" isStatic="True">
              <Summary numSequencePoints="6" visitedSequencePoints="0" numBranchPoints="8" visitedBranchPoints="0" sequenceCoverage="0" branchCoverage="0" maxCyclomaticComplexity="8" minCyclomaticComplexity="8" visitedClasses="0" numClasses="0" visitedMethods="0" numMethods="1" />
              <MetadataToken />
              <Name>System.Void AspNetCoreGeneratedDocument.Areas_Identity_Pages_Account_Logout/&lt;ExecuteAsync&gt;d__13::MoveNext()</Name>
              <FileRef uid="10" />
              <SequencePoints>
                <SequencePoint vc="0" uspid="4" ordinal="0" sl="4" sc="1" el="4" ec="2" bec="0" bev="0" fileid="10" />
                <SequencePoint vc="0" uspid="10" ordinal="1" sl="10" sc="1" el="10" ec="2" bec="4" bev="0" fileid="10" />
                <SequencePoint vc="0" uspid="11" ordinal="2" sl="11" sc="1" el="11" ec="2" bec="4" bev="0" fileid="10" />
                <SequencePoint vc="0" uspid="16" ordinal="3" sl="16" sc="1" el="16" ec="2" bec="0" bev="0" fileid="10" />
                <SequencePoint vc="0" uspid="18" ordinal="4" sl="18" sc="1" el="18" ec="2" bec="0" bev="0" fileid="10" />
                <SequencePoint vc="0" uspid="20" ordinal="5" sl="20" sc="1" el="20" ec="2" bec="0" bev="0" fileid="10" />
              </SequencePoints>
              <BranchPoints>
                <BranchPoint vc="0" uspid="10" ordinal="0" path="0" offset="140" offsetend="142" sl="10" fileid="10" />
                <BranchPoint vc="0" uspid="10" ordinal="1" path="1" offset="140" offsetend="146" sl="10" fileid="10" />
                <BranchPoint vc="0" uspid="10" ordinal="2" path="0" offset="153" offsetend="158" sl="10" fileid="10" />
                <BranchPoint vc="0" uspid="11" ordinal="4" path="0" offset="482" offsetend="484" sl="11" fileid="10" />
                <BranchPoint vc="0" uspid="11" ordinal="5" path="1" offset="482" offsetend="517" sl="11" fileid="10" />
                <BranchPoint vc="0" uspid="11" ordinal="6" path="0" offset="781" offsetend="783" sl="11" fileid="10" />
                <BranchPoint vc="0" uspid="11" ordinal="7" path="1" offset="781" offsetend="895" sl="11" fileid="10" />
                <BranchPoint vc="0" uspid="10" ordinal="3" path="1" offset="153" offsetend="970" sl="10" fileid="10" />
              </BranchPoints>
              <MethodPoint vc="0" uspid="0" p8:type="SequencePoint" ordinal="0" offset="0" sc="0" sl="4" ec="1" el="20" bec="0" bev="0" fileid="10" xmlns:p8="xsi" />
            </Method>
          </Methods>
        </Class>
        <Class>
          <Summary numSequencePoints="2" visitedSequencePoints="0" numBranchPoints="2" visitedBranchPoints="0" sequenceCoverage="0" branchCoverage="0" maxCyclomaticComplexity="2" minCyclomaticComplexity="2" visitedClasses="0" numClasses="1" visitedMethods="0" numMethods="1" />
          <FullName>AspNetCoreGeneratedDocument.Areas_Identity_Pages_Account_Manage_ChangePassword/&lt;ExecuteAsync&gt;d__28</FullName>
          <Methods>
            <Method cyclomaticComplexity="2" nPathComplexity="2" sequenceCoverage="0" branchCoverage="0" isConstructor="False" isGetter="False" isSetter="False" isStatic="True">
              <Summary numSequencePoints="2" visitedSequencePoints="0" numBranchPoints="2" visitedBranchPoints="0" sequenceCoverage="0" branchCoverage="0" maxCyclomaticComplexity="2" minCyclomaticComplexity="2" visitedClasses="0" numClasses="0" visitedMethods="0" numMethods="1" />
              <MetadataToken />
              <Name>System.Void AspNetCoreGeneratedDocument.Areas_Identity_Pages_Account_Manage_ChangePassword/&lt;ExecuteAsync&gt;d__28::MoveNext()</Name>
              <FileRef uid="11" />
              <SequencePoints>
                <SequencePoint vc="0" uspid="4" ordinal="0" sl="4" sc="1" el="4" ec="2" bec="0" bev="0" fileid="11" />
                <SequencePoint vc="0" uspid="5" ordinal="1" sl="5" sc="1" el="5" ec="2" bec="2" bev="0" fileid="11" />
              </SequencePoints>
              <BranchPoints>
                <BranchPoint vc="0" uspid="5" ordinal="0" path="0" offset="580" offsetend="582" sl="5" fileid="11" />
                <BranchPoint vc="0" uspid="5" ordinal="1" path="1" offset="580" offsetend="693" sl="5" fileid="11" />
              </BranchPoints>
              <MethodPoint vc="0" uspid="0" p8:type="SequencePoint" ordinal="0" offset="0" sc="0" sl="4" ec="1" el="5" bec="0" bev="0" fileid="11" xmlns:p8="xsi" />
            </Method>
          </Methods>
        </Class>
        <Class>
          <Summary numSequencePoints="3" visitedSequencePoints="0" numBranchPoints="10" visitedBranchPoints="0" sequenceCoverage="0" branchCoverage="0" maxCyclomaticComplexity="10" minCyclomaticComplexity="10" visitedClasses="0" numClasses="1" visitedMethods="0" numMethods="1" />
          <FullName>AspNetCoreGeneratedDocument.Areas_Identity_Pages_Account_Manage_DeletePersonalData/&lt;&lt;ExecuteAsync&gt;b__21_0&gt;d</FullName>
          <Methods>
            <Method cyclomaticComplexity="10" nPathComplexity="10" sequenceCoverage="0" branchCoverage="0" isConstructor="False" isGetter="False" isSetter="False" isStatic="True">
              <Summary numSequencePoints="3" visitedSequencePoints="0" numBranchPoints="10" visitedBranchPoints="0" sequenceCoverage="0" branchCoverage="0" maxCyclomaticComplexity="10" minCyclomaticComplexity="10" visitedClasses="0" numClasses="0" visitedMethods="0" numMethods="1" />
              <MetadataToken />
              <Name>System.Void AspNetCoreGeneratedDocument.Areas_Identity_Pages_Account_Manage_DeletePersonalData/&lt;&lt;ExecuteAsync&gt;b__21_0&gt;d::MoveNext()</Name>
              <FileRef uid="12" />
              <SequencePoints>
                <SequencePoint vc="0" uspid="19" ordinal="0" sl="19" sc="1" el="19" ec="2" bec="4" bev="0" fileid="12" />
                <SequencePoint vc="0" uspid="20" ordinal="1" sl="20" sc="1" el="20" ec="2" bec="6" bev="0" fileid="12" />
                <SequencePoint vc="0" uspid="26" ordinal="2" sl="26" sc="1" el="26" ec="2" bec="0" bev="0" fileid="12" />
              </SequencePoints>
              <BranchPoints>
                <BranchPoint vc="0" uspid="19" ordinal="0" path="0" offset="473" offsetend="475" sl="19" fileid="12" />
                <BranchPoint vc="0" uspid="19" ordinal="1" path="1" offset="473" offsetend="586" sl="19" fileid="12" />
                <BranchPoint vc="0" uspid="19" ordinal="2" path="0" offset="678" offsetend="683" sl="19" fileid="12" />
                <BranchPoint vc="0" uspid="20" ordinal="4" path="0" offset="1219" offsetend="1221" sl="20" fileid="12" />
                <BranchPoint vc="0" uspid="20" ordinal="5" path="1" offset="1219" offsetend="1332" sl="20" fileid="12" />
                <BranchPoint vc="0" uspid="20" ordinal="6" path="0" offset="1856" offsetend="1858" sl="20" fileid="12" />
                <BranchPoint vc="0" uspid="20" ordinal="7" path="1" offset="1856" offsetend="1969" sl="20" fileid="12" />
                <BranchPoint vc="0" uspid="20" ordinal="8" path="0" offset="2493" offsetend="2495" sl="20" fileid="12" />
                <BranchPoint vc="0" uspid="20" ordinal="9" path="1" offset="2493" offsetend="2606" sl="20" fileid="12" />
                <BranchPoint vc="0" uspid="19" ordinal="3" path="1" offset="678" offsetend="2679" sl="19" fileid="12" />
              </BranchPoints>
              <MethodPoint vc="0" uspid="0" p8:type="SequencePoint" ordinal="0" offset="0" sc="0" sl="19" ec="1" el="26" bec="0" bev="0" fileid="12" xmlns:p8="xsi" />
            </Method>
          </Methods>
        </Class>
        <Class>
          <Summary numSequencePoints="2" visitedSequencePoints="0" numBranchPoints="2" visitedBranchPoints="0" sequenceCoverage="0" branchCoverage="0" maxCyclomaticComplexity="2" minCyclomaticComplexity="2" visitedClasses="0" numClasses="1" visitedMethods="0" numMethods="1" />
          <FullName>AspNetCoreGeneratedDocument.Areas_Identity_Pages_Account_Manage_DeletePersonalData/&lt;ExecuteAsync&gt;d__21</FullName>
          <Methods>
            <Method cyclomaticComplexity="2" nPathComplexity="2" sequenceCoverage="0" branchCoverage="0" isConstructor="False" isGetter="False" isSetter="False" isStatic="True">
              <Summary numSequencePoints="2" visitedSequencePoints="0" numBranchPoints="2" visitedBranchPoints="0" sequenceCoverage="0" branchCoverage="0" maxCyclomaticComplexity="2" minCyclomaticComplexity="2" visitedClasses="0" numClasses="0" visitedMethods="0" numMethods="1" />
              <MetadataToken />
              <Name>System.Void AspNetCoreGeneratedDocument.Areas_Identity_Pages_Account_Manage_DeletePersonalData/&lt;ExecuteAsync&gt;d__21::MoveNext()</Name>
              <FileRef uid="12" />
              <SequencePoints>
                <SequencePoint vc="0" uspid="4" ordinal="0" sl="4" sc="1" el="4" ec="2" bec="0" bev="0" fileid="12" />
                <SequencePoint vc="0" uspid="5" ordinal="1" sl="5" sc="1" el="5" ec="2" bec="2" bev="0" fileid="12" />
              </SequencePoints>
              <BranchPoints>
                <BranchPoint vc="0" uspid="5" ordinal="0" path="0" offset="524" offsetend="526" sl="5" fileid="12" />
                <BranchPoint vc="0" uspid="5" ordinal="1" path="1" offset="524" offsetend="637" sl="5" fileid="12" />
              </BranchPoints>
              <MethodPoint vc="0" uspid="0" p8:type="SequencePoint" ordinal="0" offset="0" sc="0" sl="4" ec="1" el="5" bec="0" bev="0" fileid="12" xmlns:p8="xsi" />
            </Method>
          </Methods>
        </Class>
        <Class>
          <Summary numSequencePoints="2" visitedSequencePoints="0" numBranchPoints="0" visitedBranchPoints="0" sequenceCoverage="0" branchCoverage="100" maxCyclomaticComplexity="1" minCyclomaticComplexity="1" visitedClasses="0" numClasses="1" visitedMethods="0" numMethods="1" />
          <FullName>AspNetCoreGeneratedDocument.Areas_Identity_Pages_Account_Manage_DownloadPersonalData/&lt;ExecuteAsync&gt;d__0</FullName>
          <Methods>
            <Method cyclomaticComplexity="1" nPathComplexity="1" sequenceCoverage="0" branchCoverage="100" isConstructor="False" isGetter="False" isSetter="False" isStatic="True">
              <Summary numSequencePoints="2" visitedSequencePoints="0" numBranchPoints="0" visitedBranchPoints="0" sequenceCoverage="0" branchCoverage="100" maxCyclomaticComplexity="1" minCyclomaticComplexity="1" visitedClasses="0" numClasses="0" visitedMethods="0" numMethods="1" />
              <MetadataToken />
              <Name>System.Void AspNetCoreGeneratedDocument.Areas_Identity_Pages_Account_Manage_DownloadPersonalData/&lt;ExecuteAsync&gt;d__0::MoveNext()</Name>
              <FileRef uid="13" />
              <SequencePoints>
                <SequencePoint vc="0" uspid="4" ordinal="0" sl="4" sc="1" el="4" ec="2" bec="0" bev="0" fileid="13" />
                <SequencePoint vc="0" uspid="5" ordinal="1" sl="5" sc="1" el="5" ec="2" bec="0" bev="0" fileid="13" />
              </SequencePoints>
              <BranchPoints />
              <MethodPoint vc="0" uspid="0" p8:type="SequencePoint" ordinal="0" offset="0" sc="0" sl="4" ec="1" el="5" bec="0" bev="0" fileid="13" xmlns:p8="xsi" />
            </Method>
          </Methods>
        </Class>
        <Class>
          <Summary numSequencePoints="5" visitedSequencePoints="0" numBranchPoints="22" visitedBranchPoints="0" sequenceCoverage="0" branchCoverage="0" maxCyclomaticComplexity="22" minCyclomaticComplexity="22" visitedClasses="0" numClasses="1" visitedMethods="0" numMethods="1" />
          <FullName>AspNetCoreGeneratedDocument.Areas_Identity_Pages_Account_Manage_Email/&lt;&lt;ExecuteAsync&gt;b__32_2&gt;d</FullName>
          <Methods>
            <Method cyclomaticComplexity="22" nPathComplexity="22" sequenceCoverage="0" branchCoverage="0" isConstructor="False" isGetter="False" isSetter="False" isStatic="True">
              <Summary numSequencePoints="5" visitedSequencePoints="0" numBranchPoints="22" visitedBranchPoints="0" sequenceCoverage="0" branchCoverage="0" maxCyclomaticComplexity="22" minCyclomaticComplexity="22" visitedClasses="0" numClasses="0" visitedMethods="0" numMethods="1" />
              <MetadataToken />
              <Name>System.Void AspNetCoreGeneratedDocument.Areas_Identity_Pages_Account_Manage_Email/&lt;&lt;ExecuteAsync&gt;b__32_2&gt;d::MoveNext()</Name>
              <FileRef uid="14" />
              <SequencePoints>
                <SequencePoint vc="0" uspid="14" ordinal="0" sl="14" sc="1" el="14" ec="2" bec="4" bev="0" fileid="14" />
                <SequencePoint vc="0" uspid="15" ordinal="1" sl="15" sc="1" el="15" ec="2" bec="4" bev="0" fileid="14" />
                <SequencePoint vc="0" uspid="23" ordinal="2" sl="23" sc="1" el="23" ec="2" bec="0" bev="0" fileid="14" />
                <SequencePoint vc="0" uspid="25" ordinal="3" sl="25" sc="1" el="25" ec="2" bec="6" bev="0" fileid="14" />
                <SequencePoint vc="0" uspid="31" ordinal="4" sl="31" sc="1" el="31" ec="2" bec="8" bev="0" fileid="14" />
              </SequencePoints>
              <BranchPoints>
                <BranchPoint vc="0" uspid="14" ordinal="0" path="0" offset="581" offsetend="583" sl="14" fileid="14" />
                <BranchPoint vc="0" uspid="14" ordinal="1" path="1" offset="581" offsetend="694" sl="14" fileid="14" />
                <BranchPoint vc="0" uspid="14" ordinal="2" path="0" offset="786" offsetend="791" sl="14" fileid="14" />
                <BranchPoint vc="0" uspid="15" ordinal="4" path="0" offset="1347" offsetend="1349" sl="15" fileid="14" />
                <BranchPoint vc="0" uspid="15" ordinal="5" path="1" offset="1347" offsetend="1460" sl="15" fileid="14" />
                <BranchPoint vc="0" uspid="15" ordinal="6" path="0" offset="1964" offsetend="1966" sl="15" fileid="14" />
                <BranchPoint vc="0" uspid="15" ordinal="7" path="1" offset="1964" offsetend="2077" sl="15" fileid="14" />
                <BranchPoint vc="0" uspid="14" ordinal="3" path="1" offset="786" offsetend="2155" sl="14" fileid="14" />
                <BranchPoint vc="0" uspid="25" ordinal="8" path="0" offset="2711" offsetend="2713" sl="25" fileid="14" />
                <BranchPoint vc="0" uspid="25" ordinal="9" path="1" offset="2711" offsetend="2824" sl="25" fileid="14" />
                <BranchPoint vc="0" uspid="25" ordinal="10" path="0" offset="3328" offsetend="3330" sl="25" fileid="14" />
                <BranchPoint vc="0" uspid="25" ordinal="11" path="1" offset="3328" offsetend="3442" sl="25" fileid="14" />
                <BranchPoint vc="0" uspid="25" ordinal="12" path="0" offset="3888" offsetend="3890" sl="25" fileid="14" />
                <BranchPoint vc="0" uspid="25" ordinal="13" path="1" offset="3888" offsetend="4002" sl="25" fileid="14" />
                <BranchPoint vc="0" uspid="31" ordinal="14" path="0" offset="4611" offsetend="4613" sl="31" fileid="14" />
                <BranchPoint vc="0" uspid="31" ordinal="15" path="1" offset="4611" offsetend="4725" sl="31" fileid="14" />
                <BranchPoint vc="0" uspid="31" ordinal="16" path="0" offset="5250" offsetend="5252" sl="31" fileid="14" />
                <BranchPoint vc="0" uspid="31" ordinal="17" path="1" offset="5250" offsetend="5364" sl="31" fileid="14" />
                <BranchPoint vc="0" uspid="31" ordinal="18" path="0" offset="5889" offsetend="5891" sl="31" fileid="14" />
                <BranchPoint vc="0" uspid="31" ordinal="19" path="1" offset="5889" offsetend="6003" sl="31" fileid="14" />
                <BranchPoint vc="0" uspid="31" ordinal="20" path="0" offset="6449" offsetend="6451" sl="31" fileid="14" />
                <BranchPoint vc="0" uspid="31" ordinal="21" path="1" offset="6449" offsetend="6563" sl="31" fileid="14" />
              </BranchPoints>
              <MethodPoint vc="0" uspid="0" p8:type="SequencePoint" ordinal="0" offset="0" sc="0" sl="14" ec="1" el="31" bec="0" bev="0" fileid="14" xmlns:p8="xsi" />
            </Method>
          </Methods>
        </Class>
        <Class>
          <Summary numSequencePoints="2" visitedSequencePoints="0" numBranchPoints="4" visitedBranchPoints="0" sequenceCoverage="0" branchCoverage="0" maxCyclomaticComplexity="4" minCyclomaticComplexity="4" visitedClasses="0" numClasses="1" visitedMethods="0" numMethods="1" />
          <FullName>AspNetCoreGeneratedDocument.Areas_Identity_Pages_Account_Manage_Email/&lt;ExecuteAsync&gt;d__32</FullName>
          <Methods>
            <Method cyclomaticComplexity="4" nPathComplexity="4" sequenceCoverage="0" branchCoverage="0" isConstructor="False" isGetter="False" isSetter="False" isStatic="True">
              <Summary numSequencePoints="2" visitedSequencePoints="0" numBranchPoints="4" visitedBranchPoints="0" sequenceCoverage="0" branchCoverage="0" maxCyclomaticComplexity="4" minCyclomaticComplexity="4" visitedClasses="0" numClasses="0" visitedMethods="0" numMethods="1" />
              <MetadataToken />
              <Name>System.Void AspNetCoreGeneratedDocument.Areas_Identity_Pages_Account_Manage_Email/&lt;ExecuteAsync&gt;d__32::MoveNext()</Name>
              <FileRef uid="14" />
              <SequencePoints>
                <SequencePoint vc="0" uspid="4" ordinal="0" sl="4" sc="1" el="4" ec="2" bec="0" bev="0" fileid="14" />
                <SequencePoint vc="0" uspid="5" ordinal="1" sl="5" sc="1" el="5" ec="2" bec="4" bev="0" fileid="14" />
              </SequencePoints>
              <BranchPoints>
                <BranchPoint vc="0" uspid="5" ordinal="0" path="0" offset="631" offsetend="633" sl="5" fileid="14" />
                <BranchPoint vc="0" uspid="5" ordinal="1" path="1" offset="631" offsetend="744" sl="5" fileid="14" />
                <BranchPoint vc="0" uspid="5" ordinal="2" path="0" offset="1195" offsetend="1197" sl="5" fileid="14" />
                <BranchPoint vc="0" uspid="5" ordinal="3" path="1" offset="1195" offsetend="1308" sl="5" fileid="14" />
              </BranchPoints>
              <MethodPoint vc="0" uspid="0" p8:type="SequencePoint" ordinal="0" offset="0" sc="0" sl="4" ec="1" el="5" bec="0" bev="0" fileid="14" xmlns:p8="xsi" />
            </Method>
          </Methods>
        </Class>
        <Class>
          <Summary numSequencePoints="2" visitedSequencePoints="0" numBranchPoints="4" visitedBranchPoints="0" sequenceCoverage="0" branchCoverage="0" maxCyclomaticComplexity="4" minCyclomaticComplexity="4" visitedClasses="0" numClasses="1" visitedMethods="0" numMethods="1" />
          <FullName>AspNetCoreGeneratedDocument.Areas_Identity_Pages_Account_Manage_EnableAuthenticator/&lt;ExecuteAsync&gt;d__22</FullName>
          <Methods>
            <Method cyclomaticComplexity="4" nPathComplexity="4" sequenceCoverage="0" branchCoverage="0" isConstructor="False" isGetter="False" isSetter="False" isStatic="True">
              <Summary numSequencePoints="2" visitedSequencePoints="0" numBranchPoints="4" visitedBranchPoints="0" sequenceCoverage="0" branchCoverage="0" maxCyclomaticComplexity="4" minCyclomaticComplexity="4" visitedClasses="0" numClasses="0" visitedMethods="0" numMethods="1" />
              <MetadataToken />
              <Name>System.Void AspNetCoreGeneratedDocument.Areas_Identity_Pages_Account_Manage_EnableAuthenticator/&lt;ExecuteAsync&gt;d__22::MoveNext()</Name>
              <FileRef uid="15" />
              <SequencePoints>
                <SequencePoint vc="0" uspid="4" ordinal="0" sl="4" sc="1" el="4" ec="2" bec="0" bev="0" fileid="15" />
                <SequencePoint vc="0" uspid="5" ordinal="1" sl="5" sc="1" el="5" ec="2" bec="4" bev="0" fileid="15" />
              </SequencePoints>
              <BranchPoints>
                <BranchPoint vc="0" uspid="5" ordinal="0" path="0" offset="581" offsetend="583" sl="5" fileid="15" />
                <BranchPoint vc="0" uspid="5" ordinal="1" path="1" offset="581" offsetend="694" sl="5" fileid="15" />
                <BranchPoint vc="0" uspid="5" ordinal="2" path="0" offset="1285" offsetend="1287" sl="5" fileid="15" />
                <BranchPoint vc="0" uspid="5" ordinal="3" path="1" offset="1285" offsetend="1398" sl="5" fileid="15" />
              </BranchPoints>
              <MethodPoint vc="0" uspid="0" p8:type="SequencePoint" ordinal="0" offset="0" sc="0" sl="4" ec="1" el="5" bec="0" bev="0" fileid="15" xmlns:p8="xsi" />
            </Method>
          </Methods>
        </Class>
        <Class>
          <Summary numSequencePoints="3" visitedSequencePoints="0" numBranchPoints="2" visitedBranchPoints="0" sequenceCoverage="0" branchCoverage="0" maxCyclomaticComplexity="2" minCyclomaticComplexity="2" visitedClasses="0" numClasses="1" visitedMethods="0" numMethods="1" />
          <FullName>AspNetCoreGeneratedDocument.Areas_Identity_Pages_Account_Manage_ExternalLogins/&lt;&lt;ExecuteAsync&gt;b__19_2&gt;d</FullName>
          <Methods>
            <Method cyclomaticComplexity="2" nPathComplexity="2" sequenceCoverage="0" branchCoverage="0" isConstructor="False" isGetter="False" isSetter="False" isStatic="True">
              <Summary numSequencePoints="3" visitedSequencePoints="0" numBranchPoints="2" visitedBranchPoints="0" sequenceCoverage="0" branchCoverage="0" maxCyclomaticComplexity="2" minCyclomaticComplexity="2" visitedClasses="0" numClasses="0" visitedMethods="0" numMethods="1" />
              <MetadataToken />
              <Name>System.Void AspNetCoreGeneratedDocument.Areas_Identity_Pages_Account_Manage_ExternalLogins/&lt;&lt;ExecuteAsync&gt;b__19_2&gt;d::MoveNext()</Name>
              <FileRef uid="16" />
              <SequencePoints>
                <SequencePoint vc="0" uspid="46" ordinal="0" sl="46" sc="1" el="46" ec="2" bec="2" bev="0" fileid="16" />
                <SequencePoint vc="0" uspid="47" ordinal="1" sl="47" sc="1" el="47" ec="2" bec="0" bev="0" fileid="16" />
                <SequencePoint vc="0" uspid="49" ordinal="2" sl="49" sc="1" el="49" ec="2" bec="0" bev="0" fileid="16" />
              </SequencePoints>
              <BranchPoints>
                <BranchPoint vc="0" uspid="46" ordinal="1" path="1" offset="639" offsetend="58" sl="46" fileid="16" />
                <BranchPoint vc="0" uspid="46" ordinal="0" path="0" offset="639" offsetend="644" sl="46" fileid="16" />
              </BranchPoints>
              <MethodPoint vc="0" uspid="0" p8:type="SequencePoint" ordinal="0" offset="0" sc="0" sl="46" ec="1" el="49" bec="0" bev="0" fileid="16" xmlns:p8="xsi" />
            </Method>
          </Methods>
        </Class>
        <Class>
          <Summary numSequencePoints="16" visitedSequencePoints="0" numBranchPoints="18" visitedBranchPoints="0" sequenceCoverage="0" branchCoverage="0" maxCyclomaticComplexity="18" minCyclomaticComplexity="18" visitedClasses="0" numClasses="1" visitedMethods="0" numMethods="1" />
          <FullName>AspNetCoreGeneratedDocument.Areas_Identity_Pages_Account_Manage_ExternalLogins/&lt;ExecuteAsync&gt;d__19</FullName>
          <Methods>
            <Method cyclomaticComplexity="18" nPathComplexity="18" sequenceCoverage="0" branchCoverage="0" isConstructor="False" isGetter="False" isSetter="False" isStatic="True">
              <Summary numSequencePoints="16" visitedSequencePoints="0" numBranchPoints="18" visitedBranchPoints="0" sequenceCoverage="0" branchCoverage="0" maxCyclomaticComplexity="18" minCyclomaticComplexity="18" visitedClasses="0" numClasses="0" visitedMethods="0" numMethods="1" />
              <MetadataToken />
              <Name>System.Void AspNetCoreGeneratedDocument.Areas_Identity_Pages_Account_Manage_ExternalLogins/&lt;ExecuteAsync&gt;d__19::MoveNext()</Name>
              <FileRef uid="16" />
              <SequencePoints>
                <SequencePoint vc="0" uspid="4" ordinal="0" sl="4" sc="1" el="4" ec="2" bec="0" bev="0" fileid="16" />
                <SequencePoint vc="0" uspid="5" ordinal="1" sl="5" sc="1" el="5" ec="2" bec="2" bev="0" fileid="16" />
                <SequencePoint vc="0" uspid="9" ordinal="2" sl="9" sc="1" el="9" ec="2" bec="4" bev="0" fileid="16" />
                <SequencePoint vc="0" uspid="10" ordinal="3" sl="10" sc="1" el="10" ec="2" bec="0" bev="0" fileid="16" />
                <SequencePoint vc="0" uspid="14" ordinal="4" sl="14" sc="1" el="14" ec="2" bec="2" bev="0" fileid="16" />
                <SequencePoint vc="0" uspid="15" ordinal="5" sl="15" sc="1" el="15" ec="2" bec="0" bev="0" fileid="16" />
                <SequencePoint vc="0" uspid="19" ordinal="6" sl="19" sc="1" el="19" ec="2" bec="2" bev="0" fileid="16" />
                <SequencePoint vc="0" uspid="20" ordinal="7" sl="20" sc="1" el="20" ec="2" bec="2" bev="0" fileid="16" />
                <SequencePoint vc="0" uspid="28" ordinal="8" sl="28" sc="1" el="28" ec="2" bec="0" bev="0" fileid="16" />
                <SequencePoint vc="0" uspid="30" ordinal="9" sl="30" sc="1" el="30" ec="2" bec="0" bev="0" fileid="16" />
                <SequencePoint vc="0" uspid="32" ordinal="10" sl="32" sc="1" el="32" ec="2" bec="0" bev="0" fileid="16" />
                <SequencePoint vc="0" uspid="35" ordinal="11" sl="35" sc="1" el="35" ec="2" bec="0" bev="0" fileid="16" />
                <SequencePoint vc="0" uspid="38" ordinal="12" sl="38" sc="1" el="38" ec="2" bec="0" bev="0" fileid="16" />
                <SequencePoint vc="0" uspid="39" ordinal="13" sl="39" sc="1" el="39" ec="2" bec="4" bev="0" fileid="16" />
                <SequencePoint vc="0" uspid="40" ordinal="14" sl="40" sc="1" el="40" ec="2" bec="2" bev="0" fileid="16" />
                <SequencePoint vc="0" uspid="53" ordinal="15" sl="53" sc="1" el="53" ec="2" bec="0" bev="0" fileid="16" />
              </SequencePoints>
              <BranchPoints>
                <BranchPoint vc="0" uspid="5" ordinal="0" path="0" offset="594" offsetend="596" sl="5" fileid="16" />
                <BranchPoint vc="0" uspid="5" ordinal="1" path="1" offset="594" offsetend="707" sl="5" fileid="16" />
                <BranchPoint vc="0" uspid="9" ordinal="2" path="0" offset="796" offsetend="798" sl="9" fileid="16" />
                <BranchPoint vc="0" uspid="9" ordinal="3" path="1" offset="796" offsetend="802" sl="9" fileid="16" />
                <BranchPoint vc="0" uspid="9" ordinal="4" path="0" offset="814" offsetend="819" sl="9" fileid="16" />
                <BranchPoint vc="0" uspid="14" ordinal="11" path="1" offset="1952" offsetend="893" sl="14" fileid="16" />
                <BranchPoint vc="0" uspid="19" ordinal="6" path="0" offset="1149" offsetend="1154" sl="19" fileid="16" />
                <BranchPoint vc="0" uspid="20" ordinal="8" path="0" offset="1692" offsetend="1694" sl="20" fileid="16" />
                <BranchPoint vc="0" uspid="20" ordinal="9" path="1" offset="1692" offsetend="1805" sl="20" fileid="16" />
                <BranchPoint vc="0" uspid="19" ordinal="7" path="1" offset="1149" offsetend="1880" sl="19" fileid="16" />
                <BranchPoint vc="0" uspid="14" ordinal="10" path="0" offset="1952" offsetend="1957" sl="14" fileid="16" />
                <BranchPoint vc="0" uspid="9" ordinal="5" path="1" offset="814" offsetend="2009" sl="9" fileid="16" />
                <BranchPoint vc="0" uspid="39" ordinal="12" path="0" offset="2026" offsetend="2028" sl="39" fileid="16" />
                <BranchPoint vc="0" uspid="39" ordinal="13" path="1" offset="2026" offsetend="2032" sl="39" fileid="16" />
                <BranchPoint vc="0" uspid="39" ordinal="14" path="0" offset="2044" offsetend="2049" sl="39" fileid="16" />
                <BranchPoint vc="0" uspid="40" ordinal="16" path="0" offset="2522" offsetend="2524" sl="40" fileid="16" />
                <BranchPoint vc="0" uspid="40" ordinal="17" path="1" offset="2522" offsetend="2635" sl="40" fileid="16" />
                <BranchPoint vc="0" uspid="39" ordinal="15" path="1" offset="2044" offsetend="2708" sl="39" fileid="16" />
              </BranchPoints>
              <MethodPoint vc="0" uspid="0" p8:type="SequencePoint" ordinal="0" offset="0" sc="0" sl="4" ec="1" el="53" bec="0" bev="0" fileid="16" xmlns:p8="xsi" />
            </Method>
          </Methods>
        </Class>
        <Class>
          <Summary numSequencePoints="2" visitedSequencePoints="0" numBranchPoints="4" visitedBranchPoints="0" sequenceCoverage="0" branchCoverage="0" maxCyclomaticComplexity="4" minCyclomaticComplexity="4" visitedClasses="0" numClasses="1" visitedMethods="0" numMethods="1" />
          <FullName>AspNetCoreGeneratedDocument.Areas_Identity_Pages_Account_Manage_Index/&lt;ExecuteAsync&gt;d__22</FullName>
          <Methods>
            <Method cyclomaticComplexity="4" nPathComplexity="4" sequenceCoverage="0" branchCoverage="0" isConstructor="False" isGetter="False" isSetter="False" isStatic="True">
              <Summary numSequencePoints="2" visitedSequencePoints="0" numBranchPoints="4" visitedBranchPoints="0" sequenceCoverage="0" branchCoverage="0" maxCyclomaticComplexity="4" minCyclomaticComplexity="4" visitedClasses="0" numClasses="0" visitedMethods="0" numMethods="1" />
              <MetadataToken />
              <Name>System.Void AspNetCoreGeneratedDocument.Areas_Identity_Pages_Account_Manage_Index/&lt;ExecuteAsync&gt;d__22::MoveNext()</Name>
              <FileRef uid="17" />
              <SequencePoints>
                <SequencePoint vc="0" uspid="4" ordinal="0" sl="4" sc="1" el="4" ec="2" bec="0" bev="0" fileid="17" />
                <SequencePoint vc="0" uspid="5" ordinal="1" sl="5" sc="1" el="5" ec="2" bec="4" bev="0" fileid="17" />
              </SequencePoints>
              <BranchPoints>
                <BranchPoint vc="0" uspid="5" ordinal="0" path="0" offset="631" offsetend="633" sl="5" fileid="17" />
                <BranchPoint vc="0" uspid="5" ordinal="1" path="1" offset="631" offsetend="744" sl="5" fileid="17" />
                <BranchPoint vc="0" uspid="5" ordinal="2" path="0" offset="1195" offsetend="1197" sl="5" fileid="17" />
                <BranchPoint vc="0" uspid="5" ordinal="3" path="1" offset="1195" offsetend="1308" sl="5" fileid="17" />
              </BranchPoints>
              <MethodPoint vc="0" uspid="0" p8:type="SequencePoint" ordinal="0" offset="0" sc="0" sl="4" ec="1" el="5" bec="0" bev="0" fileid="17" xmlns:p8="xsi" />
            </Method>
          </Methods>
        </Class>
        <Class>
          <Summary numSequencePoints="2" visitedSequencePoints="0" numBranchPoints="4" visitedBranchPoints="0" sequenceCoverage="0" branchCoverage="0" maxCyclomaticComplexity="4" minCyclomaticComplexity="4" visitedClasses="0" numClasses="1" visitedMethods="0" numMethods="1" />
          <FullName>AspNetCoreGeneratedDocument.Areas_Identity_Pages_Account_Manage_PersonalData/&lt;ExecuteAsync&gt;d__15</FullName>
          <Methods>
            <Method cyclomaticComplexity="4" nPathComplexity="4" sequenceCoverage="0" branchCoverage="0" isConstructor="False" isGetter="False" isSetter="False" isStatic="True">
              <Summary numSequencePoints="2" visitedSequencePoints="0" numBranchPoints="4" visitedBranchPoints="0" sequenceCoverage="0" branchCoverage="0" maxCyclomaticComplexity="4" minCyclomaticComplexity="4" visitedClasses="0" numClasses="0" visitedMethods="0" numMethods="1" />
              <MetadataToken />
              <Name>System.Void AspNetCoreGeneratedDocument.Areas_Identity_Pages_Account_Manage_PersonalData/&lt;ExecuteAsync&gt;d__15::MoveNext()</Name>
              <FileRef uid="18" />
              <SequencePoints>
                <SequencePoint vc="0" uspid="4" ordinal="0" sl="4" sc="1" el="4" ec="2" bec="0" bev="0" fileid="18" />
                <SequencePoint vc="0" uspid="5" ordinal="1" sl="5" sc="1" el="5" ec="2" bec="4" bev="0" fileid="18" />
              </SequencePoints>
              <BranchPoints>
                <BranchPoint vc="0" uspid="5" ordinal="0" path="0" offset="601" offsetend="603" sl="5" fileid="18" />
                <BranchPoint vc="0" uspid="5" ordinal="1" path="1" offset="601" offsetend="714" sl="5" fileid="18" />
                <BranchPoint vc="0" uspid="5" ordinal="2" path="0" offset="1137" offsetend="1139" sl="5" fileid="18" />
                <BranchPoint vc="0" uspid="5" ordinal="3" path="1" offset="1137" offsetend="1250" sl="5" fileid="18" />
              </BranchPoints>
              <MethodPoint vc="0" uspid="0" p8:type="SequencePoint" ordinal="0" offset="0" sc="0" sl="4" ec="1" el="5" bec="0" bev="0" fileid="18" xmlns:p8="xsi" />
            </Method>
          </Methods>
        </Class>
        <Class>
          <Summary numSequencePoints="2" visitedSequencePoints="0" numBranchPoints="4" visitedBranchPoints="0" sequenceCoverage="0" branchCoverage="0" maxCyclomaticComplexity="4" minCyclomaticComplexity="4" visitedClasses="0" numClasses="1" visitedMethods="0" numMethods="1" />
          <FullName>AspNetCoreGeneratedDocument.Areas_Identity_Pages_Account_Manage_SetPassword/&lt;ExecuteAsync&gt;d__23</FullName>
          <Methods>
            <Method cyclomaticComplexity="4" nPathComplexity="4" sequenceCoverage="0" branchCoverage="0" isConstructor="False" isGetter="False" isSetter="False" isStatic="True">
              <Summary numSequencePoints="2" visitedSequencePoints="0" numBranchPoints="4" visitedBranchPoints="0" sequenceCoverage="0" branchCoverage="0" maxCyclomaticComplexity="4" minCyclomaticComplexity="4" visitedClasses="0" numClasses="0" visitedMethods="0" numMethods="1" />
              <MetadataToken />
              <Name>System.Void AspNetCoreGeneratedDocument.Areas_Identity_Pages_Account_Manage_SetPassword/&lt;ExecuteAsync&gt;d__23::MoveNext()</Name>
              <FileRef uid="19" />
              <SequencePoints>
                <SequencePoint vc="0" uspid="4" ordinal="0" sl="4" sc="1" el="4" ec="2" bec="0" bev="0" fileid="19" />
                <SequencePoint vc="0" uspid="5" ordinal="1" sl="5" sc="1" el="5" ec="2" bec="4" bev="0" fileid="19" />
              </SequencePoints>
              <BranchPoints>
                <BranchPoint vc="0" uspid="5" ordinal="0" path="0" offset="581" offsetend="583" sl="5" fileid="19" />
                <BranchPoint vc="0" uspid="5" ordinal="1" path="1" offset="581" offsetend="694" sl="5" fileid="19" />
                <BranchPoint vc="0" uspid="5" ordinal="2" path="0" offset="1145" offsetend="1147" sl="5" fileid="19" />
                <BranchPoint vc="0" uspid="5" ordinal="3" path="1" offset="1145" offsetend="1258" sl="5" fileid="19" />
              </BranchPoints>
              <MethodPoint vc="0" uspid="0" p8:type="SequencePoint" ordinal="0" offset="0" sc="0" sl="4" ec="1" el="5" bec="0" bev="0" fileid="19" xmlns:p8="xsi" />
            </Method>
          </Methods>
        </Class>
        <Class>
          <Summary numSequencePoints="7" visitedSequencePoints="0" numBranchPoints="6" visitedBranchPoints="0" sequenceCoverage="0" branchCoverage="0" maxCyclomaticComplexity="6" minCyclomaticComplexity="6" visitedClasses="0" numClasses="1" visitedMethods="0" numMethods="1" />
          <FullName>AspNetCoreGeneratedDocument.Areas_Identity_Pages_Account_Manage__Layout/&lt;ExecuteAsync&gt;d__8</FullName>
          <Methods>
            <Method cyclomaticComplexity="6" nPathComplexity="6" sequenceCoverage="0" branchCoverage="0" isConstructor="False" isGetter="False" isSetter="False" isStatic="True">
              <Summary numSequencePoints="7" visitedSequencePoints="0" numBranchPoints="6" visitedBranchPoints="0" sequenceCoverage="0" branchCoverage="0" maxCyclomaticComplexity="6" minCyclomaticComplexity="6" visitedClasses="0" numClasses="0" visitedMethods="0" numMethods="1" />
              <MetadataToken />
              <Name>System.Void AspNetCoreGeneratedDocument.Areas_Identity_Pages_Account_Manage__Layout/&lt;ExecuteAsync&gt;d__8::MoveNext()</Name>
              <FileRef uid="20" />
              <SequencePoints>
                <SequencePoint vc="0" uspid="2" ordinal="0" sl="2" sc="1" el="2" ec="2" bec="4" bev="0" fileid="20" />
                <SequencePoint vc="0" uspid="3" ordinal="1" sl="3" sc="1" el="3" ec="2" bec="0" bev="0" fileid="20" />
                <SequencePoint vc="0" uspid="4" ordinal="2" sl="4" sc="1" el="4" ec="2" bec="0" bev="0" fileid="20" />
                <SequencePoint vc="0" uspid="5" ordinal="3" sl="5" sc="1" el="5" ec="2" bec="0" bev="0" fileid="20" />
                <SequencePoint vc="0" uspid="7" ordinal="4" sl="7" sc="1" el="7" ec="2" bec="0" bev="0" fileid="20" />
                <SequencePoint vc="0" uspid="8" ordinal="5" sl="8" sc="1" el="8" ec="2" bec="0" bev="0" fileid="20" />
                <SequencePoint vc="0" uspid="9" ordinal="6" sl="9" sc="1" el="9" ec="2" bec="2" bev="0" fileid="20" />
              </SequencePoints>
              <BranchPoints>
                <BranchPoint vc="0" uspid="2" ordinal="0" path="0" offset="56" offsetend="58" sl="2" fileid="20" />
                <BranchPoint vc="0" uspid="2" ordinal="1" path="1" offset="56" offsetend="69" sl="2" fileid="20" />
                <BranchPoint vc="0" uspid="2" ordinal="2" path="0" offset="72" offsetend="74" sl="2" fileid="20" />
                <BranchPoint vc="0" uspid="2" ordinal="3" path="1" offset="72" offsetend="101" sl="2" fileid="20" />
                <BranchPoint vc="0" uspid="9" ordinal="4" path="0" offset="455" offsetend="457" sl="9" fileid="20" />
                <BranchPoint vc="0" uspid="9" ordinal="5" path="1" offset="455" offsetend="568" sl="9" fileid="20" />
              </BranchPoints>
              <MethodPoint vc="0" uspid="0" p8:type="SequencePoint" ordinal="0" offset="0" sc="0" sl="2" ec="1" el="9" bec="0" bev="0" fileid="20" xmlns:p8="xsi" />
            </Method>
          </Methods>
        </Class>
        <Class>
          <Summary numSequencePoints="4" visitedSequencePoints="0" numBranchPoints="14" visitedBranchPoints="0" sequenceCoverage="0" branchCoverage="0" maxCyclomaticComplexity="14" minCyclomaticComplexity="14" visitedClasses="0" numClasses="1" visitedMethods="0" numMethods="1" />
          <FullName>AspNetCoreGeneratedDocument.Areas_Identity_Pages_Account_Manage__ManageNav/&lt;ExecuteAsync&gt;d__19</FullName>
          <Methods>
            <Method cyclomaticComplexity="14" nPathComplexity="14" sequenceCoverage="0" branchCoverage="0" isConstructor="False" isGetter="False" isSetter="False" isStatic="True">
              <Summary numSequencePoints="4" visitedSequencePoints="0" numBranchPoints="14" visitedBranchPoints="0" sequenceCoverage="0" branchCoverage="0" maxCyclomaticComplexity="14" minCyclomaticComplexity="14" visitedClasses="0" numClasses="0" visitedMethods="0" numMethods="1" />
              <MetadataToken />
              <Name>System.Void AspNetCoreGeneratedDocument.Areas_Identity_Pages_Account_Manage__ManageNav/&lt;ExecuteAsync&gt;d__19::MoveNext()</Name>
              <FileRef uid="21" />
              <SequencePoints>
                <SequencePoint vc="0" uspid="3" ordinal="0" sl="3" sc="1" el="3" ec="2" bec="6" bev="0" fileid="21" />
                <SequencePoint vc="0" uspid="9" ordinal="1" sl="9" sc="1" el="9" ec="2" bec="2" bev="0" fileid="21" />
                <SequencePoint vc="0" uspid="10" ordinal="2" sl="10" sc="1" el="10" ec="2" bec="2" bev="0" fileid="21" />
                <SequencePoint vc="0" uspid="12" ordinal="3" sl="12" sc="1" el="12" ec="2" bec="4" bev="0" fileid="21" />
              </SequencePoints>
              <BranchPoints>
                <BranchPoint vc="0" uspid="3" ordinal="0" path="0" offset="744" offsetend="746" sl="3" fileid="21" />
                <BranchPoint vc="0" uspid="3" ordinal="1" path="1" offset="744" offsetend="857" sl="3" fileid="21" />
                <BranchPoint vc="0" uspid="3" ordinal="2" path="0" offset="1391" offsetend="1393" sl="3" fileid="21" />
                <BranchPoint vc="0" uspid="3" ordinal="3" path="1" offset="1391" offsetend="1504" sl="3" fileid="21" />
                <BranchPoint vc="0" uspid="3" ordinal="4" path="0" offset="2038" offsetend="2040" sl="3" fileid="21" />
                <BranchPoint vc="0" uspid="3" ordinal="5" path="1" offset="2038" offsetend="2151" sl="3" fileid="21" />
                <BranchPoint vc="0" uspid="9" ordinal="6" path="0" offset="2233" offsetend="2238" sl="9" fileid="21" />
                <BranchPoint vc="0" uspid="10" ordinal="8" path="0" offset="2718" offsetend="2720" sl="10" fileid="21" />
[...]
          <Methods>
            <Method cyclomaticComplexity="1" nPathComplexity="1" sequenceCoverage="0" branchCoverage="100" isConstructor="True" isGetter="False" isSetter="False" isStatic="True">
              <Summary numSequencePoints="7" visitedSequencePoints="0" numBranchPoints="0" visitedBranchPoints="0" sequenceCoverage="0" branchCoverage="100" maxCyclomaticComplexity="1" minCyclomaticComplexity="1" visitedClasses="0" numClasses="0" visitedMethods="0" numMethods="1" />
              <MetadataToken />
              <Name>System.Void NissGram.Areas.Identity.Pages.Account.Manage.PersonalDataModel::.ctor(Microsoft.AspNetCore.Identity.UserManager`1&lt;NissGram.Models.User&gt;,Microsoft.Extensions.Logging.ILogger`1&lt;NissGram.Areas.Identity.Pages.Account.Manage.PersonalDataModel&gt;)</Name>
              <FileRef uid="88" />
              <SequencePoints>
                <SequencePoint vc="0" uspid="18" ordinal="0" sl="18" sc="1" el="18" ec="2" bec="0" bev="0" fileid="88" />
                <SequencePoint vc="0" uspid="19" ordinal="1" sl="19" sc="1" el="19" ec="2" bec="0" bev="0" fileid="88" />
                <SequencePoint vc="0" uspid="20" ordinal="2" sl="20" sc="1" el="20" ec="2" bec="0" bev="0" fileid="88" />
                <SequencePoint vc="0" uspid="21" ordinal="3" sl="21" sc="1" el="21" ec="2" bec="0" bev="0" fileid="88" />
                <SequencePoint vc="0" uspid="22" ordinal="4" sl="22" sc="1" el="22" ec="2" bec="0" bev="0" fileid="88" />
                <SequencePoint vc="0" uspid="23" ordinal="5" sl="23" sc="1" el="23" ec="2" bec="0" bev="0" fileid="88" />
                <SequencePoint vc="0" uspid="24" ordinal="6" sl="24" sc="1" el="24" ec="2" bec="0" bev="0" fileid="88" />
              </SequencePoints>
              <BranchPoints />
              <MethodPoint vc="0" uspid="0" p8:type="SequencePoint" ordinal="0" offset="0" sc="0" sl="18" ec="1" el="24" bec="0" bev="0" fileid="88" xmlns:p8="xsi" />
            </Method>
          </Methods>
        </Class>
        <Class>
          <Summary numSequencePoints="7" visitedSequencePoints="0" numBranchPoints="2" visitedBranchPoints="0" sequenceCoverage="0" branchCoverage="0" maxCyclomaticComplexity="2" minCyclomaticComplexity="2" visitedClasses="0" numClasses="1" visitedMethods="0" numMethods="1" />
          <FullName>NissGram.Areas.Identity.Pages.Account.Manage.PersonalDataModel/&lt;OnGet&gt;d__3</FullName>
          <Methods>
            <Method cyclomaticComplexity="2" nPathComplexity="2" sequenceCoverage="0" branchCoverage="0" isConstructor="False" isGetter="False" isSetter="False" isStatic="True">
              <Summary numSequencePoints="7" visitedSequencePoints="0" numBranchPoints="2" visitedBranchPoints="0" sequenceCoverage="0" branchCoverage="0" maxCyclomaticComplexity="2" minCyclomaticComplexity="2" visitedClasses="0" numClasses="0" visitedMethods="0" numMethods="1" />
              <MetadataToken />
              <Name>System.Void NissGram.Areas.Identity.Pages.Account.Manage.PersonalDataModel/&lt;OnGet&gt;d__3::MoveNext()</Name>
              <FileRef uid="88" />
              <SequencePoints>
                <SequencePoint vc="0" uspid="27" ordinal="0" sl="27" sc="1" el="27" ec="2" bec="0" bev="0" fileid="88" />
                <SequencePoint vc="0" uspid="28" ordinal="1" sl="28" sc="1" el="28" ec="2" bec="0" bev="0" fileid="88" />
                <SequencePoint vc="0" uspid="29" ordinal="2" sl="29" sc="1" el="29" ec="2" bec="2" bev="0" fileid="88" />
                <SequencePoint vc="0" uspid="30" ordinal="3" sl="30" sc="1" el="30" ec="2" bec="0" bev="0" fileid="88" />
                <SequencePoint vc="0" uspid="31" ordinal="4" sl="31" sc="1" el="31" ec="2" bec="0" bev="0" fileid="88" />
                <SequencePoint vc="0" uspid="34" ordinal="5" sl="34" sc="1" el="34" ec="2" bec="0" bev="0" fileid="88" />
                <SequencePoint vc="0" uspid="35" ordinal="6" sl="35" sc="1" el="35" ec="2" bec="0" bev="0" fileid="88" />
              </SequencePoints>
              <BranchPoints>
                <BranchPoint vc="0" uspid="29" ordinal="0" path="0" offset="169" offsetend="171" sl="29" fileid="88" />
                <BranchPoint vc="0" uspid="29" ordinal="1" path="1" offset="169" offsetend="228" sl="29" fileid="88" />
              </BranchPoints>
              <MethodPoint vc="0" uspid="0" p8:type="SequencePoint" ordinal="0" offset="0" sc="0" sl="27" ec="1" el="35" bec="0" bev="0" fileid="88" xmlns:p8="xsi" />
            </Method>
          </Methods>
        </Class>
        <Class>
          <Summary numSequencePoints="9" visitedSequencePoints="0" numBranchPoints="0" visitedBranchPoints="0" sequenceCoverage="0" branchCoverage="100" maxCyclomaticComplexity="1" minCyclomaticComplexity="1" visitedClasses="0" numClasses="1" visitedMethods="0" numMethods="3" />
          <FullName>NissGram.Areas.Identity.Pages.Account.Manage.SetPasswordModel</FullName>
          <Methods>
            <Method cyclomaticComplexity="1" nPathComplexity="1" sequenceCoverage="0" branchCoverage="100" isConstructor="False" isGetter="True" isSetter="False" isStatic="True">
              <Summary numSequencePoints="1" visitedSequencePoints="0" numBranchPoints="0" visitedBranchPoints="0" sequenceCoverage="0" branchCoverage="100" maxCyclomaticComplexity="1" minCyclomaticComplexity="1" visitedClasses="0" numClasses="0" visitedMethods="0" numMethods="1" />
              <MetadataToken />
              <Name>NissGram.Areas.Identity.Pages.Account.Manage.SetPasswordModel/InputModel NissGram.Areas.Identity.Pages.Account.Manage.SetPasswordModel::get_Input()</Name>
              <FileRef uid="89" />
              <SequencePoints>
                <SequencePoint vc="0" uspid="33" ordinal="0" sl="33" sc="1" el="33" ec="2" bec="0" bev="0" fileid="89" />
              </SequencePoints>
              <BranchPoints />
              <MethodPoint vc="0" uspid="0" p8:type="SequencePoint" ordinal="0" offset="0" sc="0" sl="33" ec="1" el="33" bec="0" bev="0" fileid="89" xmlns:p8="xsi" />
            </Method>
            <Method cyclomaticComplexity="1" nPathComplexity="1" sequenceCoverage="0" branchCoverage="100" isConstructor="False" isGetter="True" isSetter="False" isStatic="True">
              <Summary numSequencePoints="1" visitedSequencePoints="0" numBranchPoints="0" visitedBranchPoints="0" sequenceCoverage="0" branchCoverage="100" maxCyclomaticComplexity="1" minCyclomaticComplexity="1" visitedClasses="0" numClasses="0" visitedMethods="0" numMethods="1" />
              <MetadataToken />
              <Name>System.String NissGram.Areas.Identity.Pages.Account.Manage.SetPasswordModel::get_StatusMessage()</Name>
              <FileRef uid="89" />
              <SequencePoints>
                <SequencePoint vc="0" uspid="40" ordinal="0" sl="40" sc="1" el="40" ec="2" bec="0" bev="0" fileid="89" />
              </SequencePoints>
              <BranchPoints />
              <MethodPoint vc="0" uspid="0" p8:type="SequencePoint" ordinal="1" offset="1" sc="0" sl="40" ec="1" el="40" bec="0" bev="0" fileid="89" xmlns:p8="xsi" />
            </Method>
            <Method cyclomaticComplexity="1" nPathComplexity="1" sequenceCoverage="0" branchCoverage="100" isConstructor="True" isGetter="False" isSetter="False" isStatic="True">
              <Summary numSequencePoints="7" visitedSequencePoints="0" numBranchPoints="0" visitedBranchPoints="0" sequenceCoverage="0" branchCoverage="100" maxCyclomaticComplexity="1" minCyclomaticComplexity="1" visitedClasses="0" numClasses="0" visitedMethods="0" numMethods="1" />
              <MetadataToken />
              <Name>System.Void NissGram.Areas.Identity.Pages.Account.Manage.SetPasswordModel::.ctor(Microsoft.AspNetCore.Identity.UserManager`1&lt;NissGram.Models.User&gt;,Microsoft.AspNetCore.Identity.SignInManager`1&lt;NissGram.Models.User&gt;)</Name>
              <FileRef uid="89" />
              <SequencePoints>
                <SequencePoint vc="0" uspid="20" ordinal="0" sl="20" sc="1" el="20" ec="2" bec="0" bev="0" fileid="89" />
                <SequencePoint vc="0" uspid="21" ordinal="1" sl="21" sc="1" el="21" ec="2" bec="0" bev="0" fileid="89" />
                <SequencePoint vc="0" uspid="22" ordinal="2" sl="22" sc="1" el="22" ec="2" bec="0" bev="0" fileid="89" />
                <SequencePoint vc="0" uspid="23" ordinal="3" sl="23" sc="1" el="23" ec="2" bec="0" bev="0" fileid="89" />
                <SequencePoint vc="0" uspid="24" ordinal="4" sl="24" sc="1" el="24" ec="2" bec="0" bev="0" fileid="89" />
                <SequencePoint vc="0" uspid="25" ordinal="5" sl="25" sc="1" el="25" ec="2" bec="0" bev="0" fileid="89" />
                <SequencePoint vc="0" uspid="26" ordinal="6" sl="26" sc="1" el="26" ec="2" bec="0" bev="0" fileid="89" />
              </SequencePoints>
              <BranchPoints />
              <MethodPoint vc="0" uspid="0" p8:type="SequencePoint" ordinal="2" offset="2" sc="0" sl="20" ec="1" el="26" bec="0" bev="0" fileid="89" xmlns:p8="xsi" />
            </Method>
          </Methods>
        </Class>
        <Class>
          <Summary numSequencePoints="2" visitedSequencePoints="0" numBranchPoints="0" visitedBranchPoints="0" sequenceCoverage="0" branchCoverage="100" maxCyclomaticComplexity="1" minCyclomaticComplexity="1" visitedClasses="0" numClasses="1" visitedMethods="0" numMethods="2" />
          <FullName>NissGram.Areas.Identity.Pages.Account.Manage.SetPasswordModel/InputModel</FullName>
          <Methods>
            <Method cyclomaticComplexity="1" nPathComplexity="1" sequenceCoverage="0" branchCoverage="100" isConstructor="False" isGetter="True" isSetter="False" isStatic="True">
              <Summary numSequencePoints="1" visitedSequencePoints="0" numBranchPoints="0" visitedBranchPoints="0" sequenceCoverage="0" branchCoverage="100" maxCyclomaticComplexity="1" minCyclomaticComplexity="1" visitedClasses="0" numClasses="0" visitedMethods="0" numMethods="1" />
              <MetadataToken />
              <Name>System.String NissGram.Areas.Identity.Pages.Account.Manage.SetPasswordModel/InputModel::get_NewPassword()</Name>
              <FileRef uid="89" />
              <SequencePoints>
                <SequencePoint vc="0" uspid="56" ordinal="0" sl="56" sc="1" el="56" ec="2" bec="0" bev="0" fileid="89" />
              </SequencePoints>
              <BranchPoints />
              <MethodPoint vc="0" uspid="0" p8:type="SequencePoint" ordinal="0" offset="0" sc="0" sl="56" ec="1" el="56" bec="0" bev="0" fileid="89" xmlns:p8="xsi" />
            </Method>
            <Method cyclomaticComplexity="1" nPathComplexity="1" sequenceCoverage="0" branchCoverage="100" isConstructor="False" isGetter="True" isSetter="False" isStatic="True">
              <Summary numSequencePoints="1" visitedSequencePoints="0" numBranchPoints="0" visitedBranchPoints="0" sequenceCoverage="0" branchCoverage="100" maxCyclomaticComplexity="1" minCyclomaticComplexity="1" visitedClasses="0" numClasses="0" visitedMethods="0" numMethods="1" />
              <MetadataToken />
              <Name>System.String NissGram.Areas.Identity.Pages.Account.Manage.SetPasswordModel/InputModel::get_ConfirmPassword()</Name>
              <FileRef uid="89" />
              <SequencePoints>
                <SequencePoint vc="0" uspid="65" ordinal="0" sl="65" sc="1" el="65" ec="2" bec="0" bev="0" fileid="89" />
              </SequencePoints>
              <BranchPoints />
              <MethodPoint vc="0" uspid="0" p8:type="SequencePoint" ordinal="1" offset="1" sc="0" sl="65" ec="1" el="65" bec="0" bev="0" fileid="89" xmlns:p8="xsi" />
            </Method>
          </Methods>
        </Class>
        <Class>
          <Summary numSequencePoints="11" visitedSequencePoints="0" numBranchPoints="4" visitedBranchPoints="0" sequenceCoverage="0" branchCoverage="0" maxCyclomaticComplexity="4" minCyclomaticComplexity="4" visitedClasses="0" numClasses="1" visitedMethods="0" numMethods="1" />
          <FullName>NissGram.Areas.Identity.Pages.Account.Manage.SetPasswordModel/&lt;OnGetAsync&gt;d__12</FullName>
          <Methods>
            <Method cyclomaticComplexity="4" nPathComplexity="4" sequenceCoverage="0" branchCoverage="0" isConstructor="False" isGetter="False" isSetter="False" isStatic="True">
              <Summary numSequencePoints="11" visitedSequencePoints="0" numBranchPoints="4" visitedBranchPoints="0" sequenceCoverage="0" branchCoverage="0" maxCyclomaticComplexity="4" minCyclomaticComplexity="4" visitedClasses="0" numClasses="0" visitedMethods="0" numMethods="1" />
              <MetadataToken />
              <Name>System.Void NissGram.Areas.Identity.Pages.Account.Manage.SetPasswordModel/&lt;OnGetAsync&gt;d__12::MoveNext()</Name>
              <FileRef uid="89" />
              <SequencePoints>
                <SequencePoint vc="0" uspid="69" ordinal="0" sl="69" sc="1" el="69" ec="2" bec="0" bev="0" fileid="89" />
                <SequencePoint vc="0" uspid="70" ordinal="1" sl="70" sc="1" el="70" ec="2" bec="0" bev="0" fileid="89" />
                <SequencePoint vc="0" uspid="71" ordinal="2" sl="71" sc="1" el="71" ec="2" bec="2" bev="0" fileid="89" />
                <SequencePoint vc="0" uspid="72" ordinal="3" sl="72" sc="1" el="72" ec="2" bec="0" bev="0" fileid="89" />
                <SequencePoint vc="0" uspid="73" ordinal="4" sl="73" sc="1" el="73" ec="2" bec="0" bev="0" fileid="89" />
                <SequencePoint vc="0" uspid="76" ordinal="5" sl="76" sc="1" el="76" ec="2" bec="0" bev="0" fileid="89" />
                <SequencePoint vc="0" uspid="78" ordinal="6" sl="78" sc="1" el="78" ec="2" bec="2" bev="0" fileid="89" />
                <SequencePoint vc="0" uspid="79" ordinal="7" sl="79" sc="1" el="79" ec="2" bec="0" bev="0" fileid="89" />
                <SequencePoint vc="0" uspid="80" ordinal="8" sl="80" sc="1" el="80" ec="2" bec="0" bev="0" fileid="89" />
                <SequencePoint vc="0" uspid="83" ordinal="9" sl="83" sc="1" el="83" ec="2" bec="0" bev="0" fileid="89" />
                <SequencePoint vc="0" uspid="84" ordinal="10" sl="84" sc="1" el="84" ec="2" bec="0" bev="0" fileid="89" />
              </SequencePoints>
              <BranchPoints>
                <BranchPoint vc="0" uspid="71" ordinal="0" path="0" offset="180" offsetend="182" sl="71" fileid="89" />
                <BranchPoint vc="0" uspid="71" ordinal="1" path="1" offset="180" offsetend="242" sl="71" fileid="89" />
                <BranchPoint vc="0" uspid="78" ordinal="2" path="0" offset="384" offsetend="386" sl="78" fileid="89" />
                <BranchPoint vc="0" uspid="78" ordinal="3" path="1" offset="384" offsetend="406" sl="78" fileid="89" />
              </BranchPoints>
              <MethodPoint vc="0" uspid="0" p8:type="SequencePoint" ordinal="0" offset="0" sc="0" sl="69" ec="1" el="84" bec="0" bev="0" fileid="89" xmlns:p8="xsi" />
            </Method>
          </Methods>
        </Class>
        <Class>
          <Summary numSequencePoints="20" visitedSequencePoints="0" numBranchPoints="8" visitedBranchPoints="0" sequenceCoverage="0" branchCoverage="0" maxCyclomaticComplexity="8" minCyclomaticComplexity="8" visitedClasses="0" numClasses="1" visitedMethods="0" numMethods="1" />
          <FullName>NissGram.Areas.Identity.Pages.Account.Manage.SetPasswordModel/&lt;OnPostAsync&gt;d__13</FullName>
          <Methods>
            <Method cyclomaticComplexity="8" nPathComplexity="8" sequenceCoverage="0" branchCoverage="0" isConstructor="False" isGetter="False" isSetter="False" isStatic="True">
              <Summary numSequencePoints="20" visitedSequencePoints="0" numBranchPoints="8" visitedBranchPoints="0" sequenceCoverage="0" branchCoverage="0" maxCyclomaticComplexity="8" minCyclomaticComplexity="8" visitedClasses="0" numClasses="0" visitedMethods="0" numMethods="1" />
              <MetadataToken />
              <Name>System.Void NissGram.Areas.Identity.Pages.Account.Manage.SetPasswordModel/&lt;OnPostAsync&gt;d__13::MoveNext()</Name>
              <FileRef uid="89" />
              <SequencePoints>
                <SequencePoint vc="0" uspid="87" ordinal="0" sl="87" sc="1" el="87" ec="2" bec="0" bev="0" fileid="89" />
                <SequencePoint vc="0" uspid="88" ordinal="1" sl="88" sc="1" el="88" ec="2" bec="2" bev="0" fileid="89" />
                <SequencePoint vc="0" uspid="89" ordinal="2" sl="89" sc="1" el="89" ec="2" bec="0" bev="0" fileid="89" />
                <SequencePoint vc="0" uspid="90" ordinal="3" sl="90" sc="1" el="90" ec="2" bec="0" bev="0" fileid="89" />
                <SequencePoint vc="0" uspid="93" ordinal="4" sl="93" sc="1" el="93" ec="2" bec="0" bev="0" fileid="89" />
                <SequencePoint vc="0" uspid="94" ordinal="5" sl="94" sc="1" el="94" ec="2" bec="2" bev="0" fileid="89" />
                <SequencePoint vc="0" uspid="95" ordinal="6" sl="95" sc="1" el="95" ec="2" bec="0" bev="0" fileid="89" />
                <SequencePoint vc="0" uspid="96" ordinal="7" sl="96" sc="1" el="96" ec="2" bec="0" bev="0" fileid="89" />
                <SequencePoint vc="0" uspid="99" ordinal="8" sl="99" sc="1" el="99" ec="2" bec="0" bev="0" fileid="89" />
                <SequencePoint vc="0" uspid="100" ordinal="9" sl="100" sc="1" el="100" ec="2" bec="2" bev="0" fileid="89" />
                <SequencePoint vc="0" uspid="101" ordinal="10" sl="101" sc="1" el="101" ec="2" bec="0" bev="0" fileid="89" />
                <SequencePoint vc="0" uspid="102" ordinal="11" sl="102" sc="1" el="102" ec="2" bec="2" bev="0" fileid="89" />
                <SequencePoint vc="0" uspid="103" ordinal="12" sl="103" sc="1" el="103" ec="2" bec="0" bev="0" fileid="89" />
                <SequencePoint vc="0" uspid="104" ordinal="13" sl="104" sc="1" el="104" ec="2" bec="0" bev="0" fileid="89" />
                <SequencePoint vc="0" uspid="105" ordinal="14" sl="105" sc="1" el="105" ec="2" bec="0" bev="0" fileid="89" />
                <SequencePoint vc="0" uspid="106" ordinal="15" sl="106" sc="1" el="106" ec="2" bec="0" bev="0" fileid="89" />
                <SequencePoint vc="0" uspid="109" ordinal="16" sl="109" sc="1" el="109" ec="2" bec="0" bev="0" fileid="89" />
                <SequencePoint vc="0" uspid="110" ordinal="17" sl="110" sc="1" el="110" ec="2" bec="0" bev="0" fileid="89" />
                <SequencePoint vc="0" uspid="112" ordinal="18" sl="112" sc="1" el="112" ec="2" bec="0" bev="0" fileid="89" />
                <SequencePoint vc="0" uspid="113" ordinal="19" sl="113" sc="1" el="113" ec="2" bec="0" bev="0" fileid="89" />
              </SequencePoints>
              <BranchPoints>
                <BranchPoint vc="0" uspid="88" ordinal="0" path="0" offset="64" offsetend="66" sl="88" fileid="89" />
                <BranchPoint vc="0" uspid="88" ordinal="1" path="1" offset="64" offsetend="84" sl="88" fileid="89" />
                <BranchPoint vc="0" uspid="94" ordinal="2" path="0" offset="239" offsetend="241" sl="94" fileid="89" />
                <BranchPoint vc="0" uspid="94" ordinal="3" path="1" offset="239" offsetend="301" sl="94" fileid="89" />
                <BranchPoint vc="0" uspid="100" ordinal="4" path="0" offset="475" offsetend="480" sl="100" fileid="89" />
                <BranchPoint vc="0" uspid="102" ordinal="7" path="1" offset="576" offsetend="506" sl="102" fileid="89" />
                <BranchPoint vc="0" uspid="102" ordinal="6" path="0" offset="576" offsetend="578" sl="102" fileid="89" />
                <BranchPoint vc="0" uspid="100" ordinal="5" path="1" offset="475" offsetend="629" sl="100" fileid="89" />
              </BranchPoints>
              <MethodPoint vc="0" uspid="0" p8:type="SequencePoint" ordinal="0" offset="0" sc="0" sl="87" ec="1" el="113" bec="0" bev="0" fileid="89" xmlns:p8="xsi" />
            </Method>
          </Methods>
        </Class>
      </Classes>
    </Module>
  </Modules>
</CoverageSession>